----------------------------------------------------
20141201
rmr: cannot remove /user/dm/zhu/host_stat/jilin_jilin: No such file or directory.
15/04/02 13:58:51 WARN streaming.StreamJob: -jobconf option is deprecated, please use -D instead.
packageJobJar: [./hostmap.py, ./hostred.py, /home/hadoop/hadoop-0.20.2-cdh3u0/hadoop-tmp-dm/hadoop-unjar288096249886848032/] [] /tmp/streamjob5415664612941919349.jar tmpDir=null
15/04/02 13:58:51 INFO mapred.FileInputFormat: Total input paths to process : 100
15/04/02 13:58:52 INFO streaming.StreamJob: getLocalDirs(): [/data1/mapred/local]
15/04/02 13:58:52 INFO streaming.StreamJob: Running job: job_201501261434_9824
15/04/02 13:58:52 INFO streaming.StreamJob: To kill this job, run:
15/04/02 13:58:52 INFO streaming.StreamJob: /home/hadoop/hadoop-0.20.2-cdh3u0/bin/hadoop job  -Dmapred.job.tracker=DC01DR02R07C02JT01:54311 -kill job_201501261434_9824
15/04/02 13:58:52 INFO streaming.StreamJob: Tracking URL: http://DC01DR02R07C02JT01:50030/jobdetails.jsp?jobid=job_201501261434_9824
15/04/02 13:58:53 INFO streaming.StreamJob:  map 0%  reduce 0%
15/04/02 13:59:16 INFO streaming.StreamJob:  map 1%  reduce 0%
15/04/02 13:59:20 INFO streaming.StreamJob:  map 2%  reduce 0%
15/04/02 13:59:23 INFO streaming.StreamJob:  map 3%  reduce 0%
15/04/02 13:59:26 INFO streaming.StreamJob:  map 4%  reduce 0%
15/04/02 13:59:29 INFO streaming.StreamJob:  map 5%  reduce 0%
15/04/02 13:59:33 INFO streaming.StreamJob:  map 6%  reduce 0%
15/04/02 13:59:34 INFO streaming.StreamJob:  map 7%  reduce 0%
15/04/02 13:59:37 INFO streaming.StreamJob:  map 8%  reduce 0%
15/04/02 13:59:39 INFO streaming.StreamJob:  map 9%  reduce 0%
15/04/02 13:59:41 INFO streaming.StreamJob:  map 10%  reduce 0%
15/04/02 13:59:44 INFO streaming.StreamJob:  map 11%  reduce 0%
15/04/02 13:59:46 INFO streaming.StreamJob:  map 12%  reduce 0%
15/04/02 13:59:47 INFO streaming.StreamJob:  map 13%  reduce 0%
15/04/02 13:59:49 INFO streaming.StreamJob:  map 14%  reduce 0%
15/04/02 13:59:50 INFO streaming.StreamJob:  map 15%  reduce 0%
15/04/02 13:59:52 INFO streaming.StreamJob:  map 16%  reduce 0%
15/04/02 13:59:53 INFO streaming.StreamJob:  map 17%  reduce 0%
15/04/02 13:59:55 INFO streaming.StreamJob:  map 18%  reduce 0%
15/04/02 13:59:57 INFO streaming.StreamJob:  map 19%  reduce 0%
15/04/02 14:00:00 INFO streaming.StreamJob:  map 20%  reduce 0%
15/04/02 14:00:02 INFO streaming.StreamJob:  map 21%  reduce 0%
15/04/02 14:00:04 INFO streaming.StreamJob:  map 22%  reduce 0%
15/04/02 14:00:06 INFO streaming.StreamJob:  map 23%  reduce 0%
15/04/02 14:00:08 INFO streaming.StreamJob:  map 24%  reduce 0%
15/04/02 14:00:09 INFO streaming.StreamJob:  map 25%  reduce 0%
15/04/02 14:00:10 INFO streaming.StreamJob:  map 26%  reduce 0%
15/04/02 14:00:12 INFO streaming.StreamJob:  map 27%  reduce 0%
15/04/02 14:00:13 INFO streaming.StreamJob:  map 28%  reduce 0%
15/04/02 14:00:14 INFO streaming.StreamJob:  map 29%  reduce 0%
15/04/02 14:00:15 INFO streaming.StreamJob:  map 30%  reduce 0%
15/04/02 14:00:16 INFO streaming.StreamJob:  map 31%  reduce 0%
15/04/02 14:00:17 INFO streaming.StreamJob:  map 32%  reduce 0%
15/04/02 14:00:18 INFO streaming.StreamJob:  map 34%  reduce 0%
15/04/02 14:00:19 INFO streaming.StreamJob:  map 35%  reduce 0%
15/04/02 14:00:20 INFO streaming.StreamJob:  map 36%  reduce 0%
15/04/02 14:00:21 INFO streaming.StreamJob:  map 38%  reduce 0%
15/04/02 14:00:22 INFO streaming.StreamJob:  map 39%  reduce 0%
15/04/02 14:00:23 INFO streaming.StreamJob:  map 41%  reduce 0%
15/04/02 14:00:24 INFO streaming.StreamJob:  map 42%  reduce 0%
15/04/02 14:00:25 INFO streaming.StreamJob:  map 44%  reduce 0%
15/04/02 14:00:26 INFO streaming.StreamJob:  map 45%  reduce 0%
15/04/02 14:00:27 INFO streaming.StreamJob:  map 47%  reduce 0%
15/04/02 14:00:28 INFO streaming.StreamJob:  map 49%  reduce 0%
15/04/02 14:00:29 INFO streaming.StreamJob:  map 50%  reduce 0%
15/04/02 14:00:30 INFO streaming.StreamJob:  map 52%  reduce 0%
15/04/02 14:00:31 INFO streaming.StreamJob:  map 54%  reduce 0%
15/04/02 14:00:32 INFO streaming.StreamJob:  map 55%  reduce 0%
15/04/02 14:00:33 INFO streaming.StreamJob:  map 57%  reduce 0%
15/04/02 14:00:34 INFO streaming.StreamJob:  map 59%  reduce 0%
15/04/02 14:00:35 INFO streaming.StreamJob:  map 61%  reduce 0%
15/04/02 14:00:36 INFO streaming.StreamJob:  map 62%  reduce 0%
15/04/02 14:00:37 INFO streaming.StreamJob:  map 64%  reduce 0%
15/04/02 14:00:38 INFO streaming.StreamJob:  map 66%  reduce 0%
15/04/02 14:00:39 INFO streaming.StreamJob:  map 67%  reduce 0%
15/04/02 14:00:40 INFO streaming.StreamJob:  map 69%  reduce 0%
15/04/02 14:00:41 INFO streaming.StreamJob:  map 71%  reduce 0%
15/04/02 14:00:42 INFO streaming.StreamJob:  map 72%  reduce 0%
15/04/02 14:00:43 INFO streaming.StreamJob:  map 74%  reduce 0%
15/04/02 14:00:44 INFO streaming.StreamJob:  map 75%  reduce 0%
15/04/02 14:00:45 INFO streaming.StreamJob:  map 77%  reduce 0%
15/04/02 14:00:46 INFO streaming.StreamJob:  map 78%  reduce 0%
15/04/02 14:00:47 INFO streaming.StreamJob:  map 80%  reduce 0%
15/04/02 14:00:48 INFO streaming.StreamJob:  map 81%  reduce 0%
15/04/02 14:00:49 INFO streaming.StreamJob:  map 82%  reduce 0%
15/04/02 14:00:50 INFO streaming.StreamJob:  map 84%  reduce 0%
15/04/02 14:00:51 INFO streaming.StreamJob:  map 85%  reduce 0%
15/04/02 14:00:52 INFO streaming.StreamJob:  map 86%  reduce 0%
15/04/02 14:00:53 INFO streaming.StreamJob:  map 87%  reduce 0%
15/04/02 14:00:54 INFO streaming.StreamJob:  map 88%  reduce 0%
15/04/02 14:00:55 INFO streaming.StreamJob:  map 89%  reduce 0%
15/04/02 14:00:56 INFO streaming.StreamJob:  map 90%  reduce 0%
15/04/02 14:00:57 INFO streaming.StreamJob:  map 91%  reduce 0%
15/04/02 14:00:58 INFO streaming.StreamJob:  map 92%  reduce 1%
15/04/02 14:01:00 INFO streaming.StreamJob:  map 93%  reduce 2%
15/04/02 14:01:01 INFO streaming.StreamJob:  map 94%  reduce 2%
15/04/02 14:01:02 INFO streaming.StreamJob:  map 94%  reduce 3%
15/04/02 14:01:03 INFO streaming.StreamJob:  map 95%  reduce 3%
15/04/02 14:01:04 INFO streaming.StreamJob:  map 95%  reduce 4%
15/04/02 14:01:05 INFO streaming.StreamJob:  map 96%  reduce 4%
15/04/02 14:01:06 INFO streaming.StreamJob:  map 96%  reduce 5%
15/04/02 14:01:07 INFO streaming.StreamJob:  map 96%  reduce 6%
15/04/02 14:01:08 INFO streaming.StreamJob:  map 97%  reduce 6%
15/04/02 14:01:09 INFO streaming.StreamJob:  map 97%  reduce 7%
15/04/02 14:01:10 INFO streaming.StreamJob:  map 98%  reduce 7%
15/04/02 14:01:11 INFO streaming.StreamJob:  map 98%  reduce 8%
15/04/02 14:01:12 INFO streaming.StreamJob:  map 98%  reduce 9%
15/04/02 14:01:14 INFO streaming.StreamJob:  map 99%  reduce 10%
15/04/02 14:01:15 INFO streaming.StreamJob:  map 99%  reduce 11%
15/04/02 14:01:17 INFO streaming.StreamJob:  map 99%  reduce 12%
15/04/02 14:01:19 INFO streaming.StreamJob:  map 99%  reduce 13%
15/04/02 14:01:20 INFO streaming.StreamJob:  map 100%  reduce 14%
15/04/02 14:01:22 INFO streaming.StreamJob:  map 100%  reduce 15%
15/04/02 14:01:23 INFO streaming.StreamJob:  map 100%  reduce 16%
15/04/02 14:01:25 INFO streaming.StreamJob:  map 100%  reduce 17%
15/04/02 14:01:26 INFO streaming.StreamJob:  map 100%  reduce 18%
15/04/02 14:01:27 INFO streaming.StreamJob:  map 100%  reduce 19%
15/04/02 14:01:29 INFO streaming.StreamJob:  map 100%  reduce 20%
15/04/02 14:01:30 INFO streaming.StreamJob:  map 100%  reduce 21%
15/04/02 14:01:32 INFO streaming.StreamJob:  map 100%  reduce 22%
15/04/02 14:01:33 INFO streaming.StreamJob:  map 100%  reduce 23%
15/04/02 14:01:35 INFO streaming.StreamJob:  map 100%  reduce 24%
15/04/02 14:01:37 INFO streaming.StreamJob:  map 100%  reduce 25%
15/04/02 14:01:39 INFO streaming.StreamJob:  map 100%  reduce 26%
15/04/02 14:01:42 INFO streaming.StreamJob:  map 100%  reduce 27%
15/04/02 14:01:45 INFO streaming.StreamJob:  map 100%  reduce 28%
15/04/02 14:01:50 INFO streaming.StreamJob:  map 100%  reduce 29%
15/04/02 14:01:51 INFO streaming.StreamJob:  map 100%  reduce 31%
15/04/02 14:01:54 INFO streaming.StreamJob:  map 100%  reduce 33%
15/04/02 14:01:57 INFO streaming.StreamJob:  map 100%  reduce 34%
15/04/02 14:02:04 INFO streaming.StreamJob:  map 100%  reduce 35%
15/04/02 14:02:06 INFO streaming.StreamJob:  map 100%  reduce 36%
15/04/02 14:02:07 INFO streaming.StreamJob:  map 100%  reduce 37%
15/04/02 14:02:13 INFO streaming.StreamJob:  map 100%  reduce 41%
15/04/02 14:02:15 INFO streaming.StreamJob:  map 100%  reduce 44%
15/04/02 14:02:19 INFO streaming.StreamJob:  map 100%  reduce 45%
15/04/02 14:02:20 INFO streaming.StreamJob:  map 100%  reduce 53%
15/04/02 14:02:21 INFO streaming.StreamJob:  map 100%  reduce 55%
15/04/02 14:02:22 INFO streaming.StreamJob:  map 100%  reduce 57%
15/04/02 14:02:23 INFO streaming.StreamJob:  map 100%  reduce 59%
15/04/02 14:02:25 INFO streaming.StreamJob:  map 100%  reduce 60%
15/04/02 14:02:26 INFO streaming.StreamJob:  map 100%  reduce 62%
15/04/02 14:02:28 INFO streaming.StreamJob:  map 100%  reduce 64%
15/04/02 14:02:29 INFO streaming.StreamJob:  map 100%  reduce 66%
15/04/02 14:02:32 INFO streaming.StreamJob:  map 100%  reduce 67%
15/04/02 14:02:37 INFO streaming.StreamJob:  map 100%  reduce 68%
15/04/02 14:02:42 INFO streaming.StreamJob:  map 100%  reduce 69%
15/04/02 14:02:48 INFO streaming.StreamJob:  map 100%  reduce 71%
15/04/02 14:02:50 INFO streaming.StreamJob:  map 100%  reduce 72%
15/04/02 14:02:56 INFO streaming.StreamJob:  map 100%  reduce 73%
15/04/02 14:03:03 INFO streaming.StreamJob:  map 100%  reduce 74%
15/04/02 14:03:11 INFO streaming.StreamJob:  map 100%  reduce 75%
15/04/02 14:03:18 INFO streaming.StreamJob:  map 100%  reduce 76%
15/04/02 14:03:26 INFO streaming.StreamJob:  map 100%  reduce 77%
15/04/02 14:03:32 INFO streaming.StreamJob:  map 100%  reduce 78%
15/04/02 14:03:39 INFO streaming.StreamJob:  map 100%  reduce 79%
15/04/02 14:03:47 INFO streaming.StreamJob:  map 100%  reduce 80%
15/04/02 14:03:53 INFO streaming.StreamJob:  map 100%  reduce 81%
15/04/02 14:04:00 INFO streaming.StreamJob:  map 100%  reduce 82%
15/04/02 14:04:06 INFO streaming.StreamJob:  map 100%  reduce 83%
15/04/02 14:04:12 INFO streaming.StreamJob:  map 100%  reduce 84%
15/04/02 14:04:17 INFO streaming.StreamJob:  map 100%  reduce 85%
15/04/02 14:04:22 INFO streaming.StreamJob:  map 100%  reduce 86%
15/04/02 14:04:27 INFO streaming.StreamJob:  map 100%  reduce 87%
15/04/02 14:04:32 INFO streaming.StreamJob:  map 100%  reduce 88%
15/04/02 14:04:39 INFO streaming.StreamJob:  map 100%  reduce 89%
15/04/02 14:04:43 INFO streaming.StreamJob:  map 100%  reduce 90%
15/04/02 14:04:49 INFO streaming.StreamJob:  map 100%  reduce 91%
15/04/02 14:04:55 INFO streaming.StreamJob:  map 100%  reduce 92%
15/04/02 14:05:02 INFO streaming.StreamJob:  map 100%  reduce 93%
15/04/02 14:05:09 INFO streaming.StreamJob:  map 100%  reduce 94%
15/04/02 14:05:15 INFO streaming.StreamJob:  map 100%  reduce 95%
15/04/02 14:05:22 INFO streaming.StreamJob:  map 100%  reduce 96%
15/04/02 14:05:30 INFO streaming.StreamJob:  map 100%  reduce 97%
15/04/02 14:05:39 INFO streaming.StreamJob:  map 100%  reduce 98%
15/04/02 14:05:51 INFO streaming.StreamJob:  map 100%  reduce 99%
15/04/02 14:06:11 INFO streaming.StreamJob:  map 100%  reduce 100%
15/04/02 14:06:48 INFO streaming.StreamJob: Job complete: job_201501261434_9824
15/04/02 14:06:48 INFO streaming.StreamJob: Output: /user/dm/zhu/host_stat/jilin_jilin
Found 22 items
-rw-r--r--   2 dm supergroup          0 2015-04-02 14:08 /user/dm/zhu/host_stat/jilin_jilin/_SUCCESS
drwxrwxrwx   - dm supergroup          0 2015-04-02 14:00 /user/dm/zhu/host_stat/jilin_jilin/_logs
-rw-r--r--   2 dm supergroup  577730243 2015-04-02 14:03 /user/dm/zhu/host_stat/jilin_jilin/part-00000
-rw-r--r--   2 dm supergroup  577778402 2015-04-02 14:03 /user/dm/zhu/host_stat/jilin_jilin/part-00001
-rw-r--r--   2 dm supergroup  578199479 2015-04-02 14:03 /user/dm/zhu/host_stat/jilin_jilin/part-00002
-rw-r--r--   2 dm supergroup  577972268 2015-04-02 14:03 /user/dm/zhu/host_stat/jilin_jilin/part-00003
-rw-r--r--   2 dm supergroup  577469065 2015-04-02 14:03 /user/dm/zhu/host_stat/jilin_jilin/part-00004
-rw-r--r--   2 dm supergroup  577764744 2015-04-02 14:03 /user/dm/zhu/host_stat/jilin_jilin/part-00005
-rw-r--r--   2 dm supergroup  577812946 2015-04-02 14:03 /user/dm/zhu/host_stat/jilin_jilin/part-00006
-rw-r--r--   2 dm supergroup  577248257 2015-04-02 14:03 /user/dm/zhu/host_stat/jilin_jilin/part-00007
-rw-r--r--   2 dm supergroup  578054609 2015-04-02 14:03 /user/dm/zhu/host_stat/jilin_jilin/part-00008
-rw-r--r--   2 dm supergroup  577625103 2015-04-02 14:03 /user/dm/zhu/host_stat/jilin_jilin/part-00009
-rw-r--r--   2 dm supergroup  578358884 2015-04-02 14:03 /user/dm/zhu/host_stat/jilin_jilin/part-00010
-rw-r--r--   2 dm supergroup  577487628 2015-04-02 14:03 /user/dm/zhu/host_stat/jilin_jilin/part-00011
-rw-r--r--   2 dm supergroup  577343219 2015-04-02 14:03 /user/dm/zhu/host_stat/jilin_jilin/part-00012
-rw-r--r--   2 dm supergroup  577364892 2015-04-02 14:03 /user/dm/zhu/host_stat/jilin_jilin/part-00013
-rw-r--r--   2 dm supergroup  577820736 2015-04-02 14:03 /user/dm/zhu/host_stat/jilin_jilin/part-00014
-rw-r--r--   2 dm supergroup  577636517 2015-04-02 14:03 /user/dm/zhu/host_stat/jilin_jilin/part-00015
-rw-r--r--   2 dm supergroup  576985405 2015-04-02 14:04 /user/dm/zhu/host_stat/jilin_jilin/part-00016
-rw-r--r--   2 dm supergroup  577661802 2015-04-02 14:03 /user/dm/zhu/host_stat/jilin_jilin/part-00017
-rw-r--r--   2 dm supergroup  577683063 2015-04-02 14:04 /user/dm/zhu/host_stat/jilin_jilin/part-00018
-rw-r--r--   2 dm supergroup  577850711 2015-04-02 14:03 /user/dm/zhu/host_stat/jilin_jilin/part-00019
