----------------------------------------------------
20140701
Moved to trash: hdfs://DC01DR02R08C02NN01:54310/user/dm/zhu/host_stat/jilin_jilin
15/01/28 16:23:41 WARN streaming.StreamJob: -jobconf option is deprecated, please use -D instead.
packageJobJar: [./hostmap.py, ./hostred.py, /home/hadoop/hadoop-0.20.2-cdh3u0/hadoop-tmp-dm/hadoop-unjar7453803066375280850/] [] /tmp/streamjob5087187396109304485.jar tmpDir=null
15/01/28 16:23:42 INFO mapred.FileInputFormat: Total input paths to process : 100
15/01/28 16:23:42 INFO streaming.StreamJob: getLocalDirs(): [/data1/mapred/local]
15/01/28 16:23:42 INFO streaming.StreamJob: Running job: job_201501261434_0322
15/01/28 16:23:42 INFO streaming.StreamJob: To kill this job, run:
15/01/28 16:23:42 INFO streaming.StreamJob: /home/hadoop/hadoop-0.20.2-cdh3u0/bin/hadoop job  -Dmapred.job.tracker=DC01DR02R07C02JT01:54311 -kill job_201501261434_0322
15/01/28 16:23:42 INFO streaming.StreamJob: Tracking URL: http://DC01DR02R07C02JT01:50030/jobdetails.jsp?jobid=job_201501261434_0322
15/01/28 16:23:43 INFO streaming.StreamJob:  map 0%  reduce 0%
15/01/28 16:23:56 INFO streaming.StreamJob:  map 1%  reduce 0%
15/01/28 16:23:57 INFO streaming.StreamJob:  map 2%  reduce 0%
15/01/28 16:23:58 INFO streaming.StreamJob:  map 3%  reduce 0%
15/01/28 16:23:59 INFO streaming.StreamJob:  map 4%  reduce 0%
15/01/28 16:24:00 INFO streaming.StreamJob:  map 5%  reduce 0%
15/01/28 16:24:01 INFO streaming.StreamJob:  map 7%  reduce 0%
15/01/28 16:24:02 INFO streaming.StreamJob:  map 8%  reduce 0%
15/01/28 16:24:03 INFO streaming.StreamJob:  map 9%  reduce 0%
15/01/28 16:24:04 INFO streaming.StreamJob:  map 11%  reduce 0%
15/01/28 16:24:05 INFO streaming.StreamJob:  map 13%  reduce 0%
15/01/28 16:24:06 INFO streaming.StreamJob:  map 15%  reduce 0%
15/01/28 16:24:07 INFO streaming.StreamJob:  map 16%  reduce 0%
15/01/28 16:24:08 INFO streaming.StreamJob:  map 18%  reduce 0%
15/01/28 16:24:09 INFO streaming.StreamJob:  map 20%  reduce 0%
15/01/28 16:24:10 INFO streaming.StreamJob:  map 23%  reduce 0%
15/01/28 16:24:11 INFO streaming.StreamJob:  map 24%  reduce 0%
15/01/28 16:24:12 INFO streaming.StreamJob:  map 25%  reduce 0%
15/01/28 16:24:13 INFO streaming.StreamJob:  map 27%  reduce 0%
15/01/28 16:24:14 INFO streaming.StreamJob:  map 28%  reduce 0%
15/01/28 16:24:15 INFO streaming.StreamJob:  map 30%  reduce 0%
15/01/28 16:24:16 INFO streaming.StreamJob:  map 31%  reduce 0%
15/01/28 16:24:17 INFO streaming.StreamJob:  map 32%  reduce 0%
15/01/28 16:24:18 INFO streaming.StreamJob:  map 35%  reduce 0%
15/01/28 16:24:19 INFO streaming.StreamJob:  map 36%  reduce 0%
15/01/28 16:24:20 INFO streaming.StreamJob:  map 37%  reduce 0%
15/01/28 16:24:21 INFO streaming.StreamJob:  map 39%  reduce 0%
15/01/28 16:24:22 INFO streaming.StreamJob:  map 40%  reduce 0%
15/01/28 16:24:23 INFO streaming.StreamJob:  map 42%  reduce 0%
15/01/28 16:24:24 INFO streaming.StreamJob:  map 44%  reduce 0%
15/01/28 16:24:25 INFO streaming.StreamJob:  map 46%  reduce 0%
15/01/28 16:24:26 INFO streaming.StreamJob:  map 47%  reduce 0%
15/01/28 16:24:27 INFO streaming.StreamJob:  map 49%  reduce 0%
15/01/28 16:24:28 INFO streaming.StreamJob:  map 51%  reduce 0%
15/01/28 16:24:29 INFO streaming.StreamJob:  map 52%  reduce 0%
15/01/28 16:24:30 INFO streaming.StreamJob:  map 54%  reduce 0%
15/01/28 16:24:31 INFO streaming.StreamJob:  map 55%  reduce 0%
15/01/28 16:24:32 INFO streaming.StreamJob:  map 57%  reduce 0%
15/01/28 16:24:33 INFO streaming.StreamJob:  map 58%  reduce 0%
15/01/28 16:24:34 INFO streaming.StreamJob:  map 59%  reduce 0%
15/01/28 16:24:36 INFO streaming.StreamJob:  map 60%  reduce 0%
15/01/28 16:24:37 INFO streaming.StreamJob:  map 62%  reduce 0%
15/01/28 16:24:38 INFO streaming.StreamJob:  map 64%  reduce 0%
15/01/28 16:24:39 INFO streaming.StreamJob:  map 65%  reduce 0%
15/01/28 16:24:40 INFO streaming.StreamJob:  map 66%  reduce 0%
15/01/28 16:24:41 INFO streaming.StreamJob:  map 67%  reduce 0%
15/01/28 16:24:42 INFO streaming.StreamJob:  map 69%  reduce 0%
15/01/28 16:24:43 INFO streaming.StreamJob:  map 70%  reduce 0%
15/01/28 16:24:44 INFO streaming.StreamJob:  map 71%  reduce 0%
15/01/28 16:24:45 INFO streaming.StreamJob:  map 73%  reduce 0%
15/01/28 16:24:46 INFO streaming.StreamJob:  map 74%  reduce 0%
15/01/28 16:24:47 INFO streaming.StreamJob:  map 75%  reduce 0%
15/01/28 16:24:48 INFO streaming.StreamJob:  map 76%  reduce 0%
15/01/28 16:24:49 INFO streaming.StreamJob:  map 77%  reduce 0%
15/01/28 16:24:50 INFO streaming.StreamJob:  map 78%  reduce 3%
15/01/28 16:24:51 INFO streaming.StreamJob:  map 79%  reduce 4%
15/01/28 16:24:52 INFO streaming.StreamJob:  map 81%  reduce 5%
15/01/28 16:24:53 INFO streaming.StreamJob:  map 81%  reduce 6%
15/01/28 16:24:54 INFO streaming.StreamJob:  map 82%  reduce 8%
15/01/28 16:24:55 INFO streaming.StreamJob:  map 83%  reduce 9%
15/01/28 16:24:56 INFO streaming.StreamJob:  map 84%  reduce 10%
15/01/28 16:24:57 INFO streaming.StreamJob:  map 86%  reduce 11%
15/01/28 16:24:58 INFO streaming.StreamJob:  map 86%  reduce 12%
15/01/28 16:24:59 INFO streaming.StreamJob:  map 87%  reduce 12%
15/01/28 16:25:00 INFO streaming.StreamJob:  map 88%  reduce 12%
15/01/28 16:25:01 INFO streaming.StreamJob:  map 89%  reduce 13%
15/01/28 16:25:02 INFO streaming.StreamJob:  map 89%  reduce 14%
15/01/28 16:25:03 INFO streaming.StreamJob:  map 90%  reduce 15%
15/01/28 16:25:04 INFO streaming.StreamJob:  map 91%  reduce 15%
15/01/28 16:25:05 INFO streaming.StreamJob:  map 92%  reduce 16%
15/01/28 16:25:07 INFO streaming.StreamJob:  map 93%  reduce 17%
15/01/28 16:25:08 INFO streaming.StreamJob:  map 93%  reduce 18%
15/01/28 16:25:09 INFO streaming.StreamJob:  map 94%  reduce 18%
15/01/28 16:25:10 INFO streaming.StreamJob:  map 95%  reduce 19%
15/01/28 16:25:11 INFO streaming.StreamJob:  map 95%  reduce 20%
15/01/28 16:25:12 INFO streaming.StreamJob:  map 96%  reduce 20%
15/01/28 16:25:13 INFO streaming.StreamJob:  map 96%  reduce 21%
15/01/28 16:25:14 INFO streaming.StreamJob:  map 97%  reduce 21%
15/01/28 16:25:15 INFO streaming.StreamJob:  map 97%  reduce 22%
15/01/28 16:25:16 INFO streaming.StreamJob:  map 97%  reduce 23%
15/01/28 16:25:17 INFO streaming.StreamJob:  map 98%  reduce 24%
15/01/28 16:25:18 INFO streaming.StreamJob:  map 98%  reduce 25%
15/01/28 16:25:21 INFO streaming.StreamJob:  map 99%  reduce 26%
15/01/28 16:25:22 INFO streaming.StreamJob:  map 99%  reduce 27%
15/01/28 16:25:24 INFO streaming.StreamJob:  map 99%  reduce 28%
15/01/28 16:25:26 INFO streaming.StreamJob:  map 99%  reduce 29%
15/01/28 16:25:27 INFO streaming.StreamJob:  map 100%  reduce 29%
15/01/28 16:25:29 INFO streaming.StreamJob:  map 100%  reduce 30%
15/01/28 16:25:32 INFO streaming.StreamJob:  map 100%  reduce 31%
15/01/28 16:25:34 INFO streaming.StreamJob:  map 100%  reduce 32%
15/01/28 16:25:38 INFO streaming.StreamJob:  map 100%  reduce 33%
15/01/28 16:25:53 INFO streaming.StreamJob:  map 100%  reduce 35%
15/01/28 16:25:54 INFO streaming.StreamJob:  map 100%  reduce 38%
15/01/28 16:25:55 INFO streaming.StreamJob:  map 100%  reduce 48%
15/01/28 16:25:56 INFO streaming.StreamJob:  map 100%  reduce 57%
15/01/28 16:25:57 INFO streaming.StreamJob:  map 100%  reduce 62%
15/01/28 16:25:58 INFO streaming.StreamJob:  map 100%  reduce 64%
15/01/28 16:25:59 INFO streaming.StreamJob:  map 100%  reduce 68%
15/01/28 16:26:01 INFO streaming.StreamJob:  map 100%  reduce 69%
15/01/28 16:26:05 INFO streaming.StreamJob:  map 100%  reduce 70%
15/01/28 16:26:08 INFO streaming.StreamJob:  map 100%  reduce 71%
15/01/28 16:26:13 INFO streaming.StreamJob:  map 100%  reduce 72%
15/01/28 16:26:16 INFO streaming.StreamJob:  map 100%  reduce 73%
15/01/28 16:26:19 INFO streaming.StreamJob:  map 100%  reduce 74%
15/01/28 16:26:22 INFO streaming.StreamJob:  map 100%  reduce 75%
15/01/28 16:26:26 INFO streaming.StreamJob:  map 100%  reduce 76%
15/01/28 16:26:29 INFO streaming.StreamJob:  map 100%  reduce 77%
15/01/28 16:26:32 INFO streaming.StreamJob:  map 100%  reduce 78%
15/01/28 16:26:36 INFO streaming.StreamJob:  map 100%  reduce 79%
15/01/28 16:26:41 INFO streaming.StreamJob:  map 100%  reduce 80%
15/01/28 16:26:44 INFO streaming.StreamJob:  map 100%  reduce 81%
15/01/28 16:26:48 INFO streaming.StreamJob:  map 100%  reduce 82%
15/01/28 16:26:51 INFO streaming.StreamJob:  map 100%  reduce 83%
15/01/28 16:26:55 INFO streaming.StreamJob:  map 100%  reduce 84%
15/01/28 16:26:59 INFO streaming.StreamJob:  map 100%  reduce 85%
15/01/28 16:27:02 INFO streaming.StreamJob:  map 100%  reduce 86%
15/01/28 16:27:07 INFO streaming.StreamJob:  map 100%  reduce 87%
15/01/28 16:27:11 INFO streaming.StreamJob:  map 100%  reduce 88%
15/01/28 16:27:14 INFO streaming.StreamJob:  map 100%  reduce 89%
15/01/28 16:27:18 INFO streaming.StreamJob:  map 100%  reduce 90%
15/01/28 16:27:21 INFO streaming.StreamJob:  map 100%  reduce 91%
15/01/28 16:27:25 INFO streaming.StreamJob:  map 100%  reduce 92%
15/01/28 16:27:28 INFO streaming.StreamJob:  map 100%  reduce 93%
15/01/28 16:27:31 INFO streaming.StreamJob:  map 100%  reduce 94%
15/01/28 16:27:35 INFO streaming.StreamJob:  map 100%  reduce 95%
15/01/28 16:27:38 INFO streaming.StreamJob:  map 100%  reduce 96%
15/01/28 16:27:42 INFO streaming.StreamJob:  map 100%  reduce 97%
15/01/28 16:27:46 INFO streaming.StreamJob:  map 100%  reduce 98%
15/01/28 16:27:50 INFO streaming.StreamJob:  map 100%  reduce 99%
15/01/28 16:28:00 INFO streaming.StreamJob:  map 100%  reduce 100%
15/01/28 16:28:22 INFO streaming.StreamJob: Job complete: job_201501261434_0322
15/01/28 16:28:22 INFO streaming.StreamJob: Output: /user/dm/zhu/host_stat/jilin_jilin
Found 22 items
-rw-r--r--   2 dm supergroup          0 2015-01-28 16:28 /user/dm/zhu/host_stat/jilin_jilin/_SUCCESS
drwxrwxrwx   - dm supergroup          0 2015-01-28 16:23 /user/dm/zhu/host_stat/jilin_jilin/_logs
-rw-r--r--   2 dm supergroup  299555050 2015-01-28 16:25 /user/dm/zhu/host_stat/jilin_jilin/part-00000
-rw-r--r--   2 dm supergroup  299414839 2015-01-28 16:25 /user/dm/zhu/host_stat/jilin_jilin/part-00001
-rw-r--r--   2 dm supergroup  300048482 2015-01-28 16:25 /user/dm/zhu/host_stat/jilin_jilin/part-00002
-rw-r--r--   2 dm supergroup  299957017 2015-01-28 16:25 /user/dm/zhu/host_stat/jilin_jilin/part-00003
-rw-r--r--   2 dm supergroup  299814842 2015-01-28 16:25 /user/dm/zhu/host_stat/jilin_jilin/part-00004
-rw-r--r--   2 dm supergroup  299883286 2015-01-28 16:25 /user/dm/zhu/host_stat/jilin_jilin/part-00005
-rw-r--r--   2 dm supergroup  299542518 2015-01-28 16:25 /user/dm/zhu/host_stat/jilin_jilin/part-00006
-rw-r--r--   2 dm supergroup  299552540 2015-01-28 16:25 /user/dm/zhu/host_stat/jilin_jilin/part-00007
-rw-r--r--   2 dm supergroup  299607134 2015-01-28 16:25 /user/dm/zhu/host_stat/jilin_jilin/part-00008
-rw-r--r--   2 dm supergroup  299960531 2015-01-28 16:25 /user/dm/zhu/host_stat/jilin_jilin/part-00009
-rw-r--r--   2 dm supergroup  299790124 2015-01-28 16:25 /user/dm/zhu/host_stat/jilin_jilin/part-00010
-rw-r--r--   2 dm supergroup  299532809 2015-01-28 16:25 /user/dm/zhu/host_stat/jilin_jilin/part-00011
-rw-r--r--   2 dm supergroup  299476724 2015-01-28 16:25 /user/dm/zhu/host_stat/jilin_jilin/part-00012
-rw-r--r--   2 dm supergroup  299527206 2015-01-28 16:25 /user/dm/zhu/host_stat/jilin_jilin/part-00013
-rw-r--r--   2 dm supergroup  299903407 2015-01-28 16:25 /user/dm/zhu/host_stat/jilin_jilin/part-00014
-rw-r--r--   2 dm supergroup  299604122 2015-01-28 16:25 /user/dm/zhu/host_stat/jilin_jilin/part-00015
-rw-r--r--   2 dm supergroup  299588129 2015-01-28 16:25 /user/dm/zhu/host_stat/jilin_jilin/part-00016
-rw-r--r--   2 dm supergroup  299790260 2015-01-28 16:25 /user/dm/zhu/host_stat/jilin_jilin/part-00017
-rw-r--r--   2 dm supergroup  299891498 2015-01-28 16:25 /user/dm/zhu/host_stat/jilin_jilin/part-00018
-rw-r--r--   2 dm supergroup  299633693 2015-01-28 16:25 /user/dm/zhu/host_stat/jilin_jilin/part-00019
