----------------------------------------------------
20140701
rmr: cannot remove /user/dm/zhu/host_stat/jilin_jilin: No such file or directory.
15/01/13 16:55:30 WARN streaming.StreamJob: -jobconf option is deprecated, please use -D instead.
packageJobJar: [./hostmap.py, ./hostred.py, /home/hadoop/hadoop-0.20.2-cdh3u0/hadoop-tmp-dm/hadoop-unjar5926525323613328602/] [] /tmp/streamjob1721378087878248648.jar tmpDir=null
15/01/13 16:55:31 INFO mapred.FileInputFormat: Total input paths to process : 100
15/01/13 16:55:33 INFO streaming.StreamJob: getLocalDirs(): [/data1/mapred/local]
15/01/13 16:55:33 INFO streaming.StreamJob: Running job: job_201412171200_4358
15/01/13 16:55:33 INFO streaming.StreamJob: To kill this job, run:
15/01/13 16:55:33 INFO streaming.StreamJob: /home/hadoop/hadoop-0.20.2-cdh3u0/bin/hadoop job  -Dmapred.job.tracker=DC01DR02R07C02JT01:54311 -kill job_201412171200_4358
15/01/13 16:55:33 INFO streaming.StreamJob: Tracking URL: http://DC01DR02R07C02JT01:50030/jobdetails.jsp?jobid=job_201412171200_4358
15/01/13 16:55:34 INFO streaming.StreamJob:  map 0%  reduce 0%
15/01/13 16:55:49 INFO streaming.StreamJob:  map 1%  reduce 0%
15/01/13 16:55:50 INFO streaming.StreamJob:  map 2%  reduce 0%
15/01/13 16:55:52 INFO streaming.StreamJob:  map 3%  reduce 0%
15/01/13 16:55:53 INFO streaming.StreamJob:  map 4%  reduce 0%
15/01/13 16:55:55 INFO streaming.StreamJob:  map 5%  reduce 0%
15/01/13 16:55:56 INFO streaming.StreamJob:  map 7%  reduce 0%
15/01/13 16:55:57 INFO streaming.StreamJob:  map 8%  reduce 0%
15/01/13 16:55:58 INFO streaming.StreamJob:  map 10%  reduce 0%
15/01/13 16:55:59 INFO streaming.StreamJob:  map 13%  reduce 0%
15/01/13 16:56:00 INFO streaming.StreamJob:  map 15%  reduce 0%
15/01/13 16:56:01 INFO streaming.StreamJob:  map 17%  reduce 0%
15/01/13 16:56:02 INFO streaming.StreamJob:  map 19%  reduce 0%
15/01/13 16:56:03 INFO streaming.StreamJob:  map 22%  reduce 0%
15/01/13 16:56:04 INFO streaming.StreamJob:  map 24%  reduce 0%
15/01/13 16:56:05 INFO streaming.StreamJob:  map 27%  reduce 0%
15/01/13 16:56:07 INFO streaming.StreamJob:  map 29%  reduce 0%
15/01/13 16:56:08 INFO streaming.StreamJob:  map 32%  reduce 0%
15/01/13 16:56:09 INFO streaming.StreamJob:  map 33%  reduce 0%
15/01/13 16:56:10 INFO streaming.StreamJob:  map 35%  reduce 0%
15/01/13 16:56:11 INFO streaming.StreamJob:  map 37%  reduce 0%
15/01/13 16:56:12 INFO streaming.StreamJob:  map 39%  reduce 0%
15/01/13 16:56:13 INFO streaming.StreamJob:  map 40%  reduce 0%
15/01/13 16:56:14 INFO streaming.StreamJob:  map 41%  reduce 0%
15/01/13 16:56:15 INFO streaming.StreamJob:  map 43%  reduce 0%
15/01/13 16:56:16 INFO streaming.StreamJob:  map 44%  reduce 0%
15/01/13 16:56:17 INFO streaming.StreamJob:  map 45%  reduce 0%
15/01/13 16:56:18 INFO streaming.StreamJob:  map 47%  reduce 0%
15/01/13 16:56:19 INFO streaming.StreamJob:  map 48%  reduce 0%
15/01/13 16:56:20 INFO streaming.StreamJob:  map 49%  reduce 0%
15/01/13 16:56:21 INFO streaming.StreamJob:  map 51%  reduce 0%
15/01/13 16:56:22 INFO streaming.StreamJob:  map 52%  reduce 0%
15/01/13 16:56:23 INFO streaming.StreamJob:  map 53%  reduce 0%
15/01/13 16:56:24 INFO streaming.StreamJob:  map 56%  reduce 0%
15/01/13 16:56:25 INFO streaming.StreamJob:  map 57%  reduce 0%
15/01/13 16:56:26 INFO streaming.StreamJob:  map 58%  reduce 0%
15/01/13 16:56:27 INFO streaming.StreamJob:  map 59%  reduce 0%
15/01/13 16:56:28 INFO streaming.StreamJob:  map 61%  reduce 0%
15/01/13 16:56:29 INFO streaming.StreamJob:  map 62%  reduce 0%
15/01/13 16:56:30 INFO streaming.StreamJob:  map 63%  reduce 0%
15/01/13 16:56:31 INFO streaming.StreamJob:  map 65%  reduce 0%
15/01/13 16:56:32 INFO streaming.StreamJob:  map 66%  reduce 0%
15/01/13 16:56:33 INFO streaming.StreamJob:  map 68%  reduce 0%
15/01/13 16:56:34 INFO streaming.StreamJob:  map 69%  reduce 0%
15/01/13 16:56:35 INFO streaming.StreamJob:  map 70%  reduce 0%
15/01/13 16:56:36 INFO streaming.StreamJob:  map 72%  reduce 0%
15/01/13 16:56:37 INFO streaming.StreamJob:  map 74%  reduce 0%
15/01/13 16:56:38 INFO streaming.StreamJob:  map 75%  reduce 0%
15/01/13 16:56:39 INFO streaming.StreamJob:  map 76%  reduce 0%
15/01/13 16:56:40 INFO streaming.StreamJob:  map 78%  reduce 0%
15/01/13 16:56:41 INFO streaming.StreamJob:  map 79%  reduce 0%
15/01/13 16:56:42 INFO streaming.StreamJob:  map 80%  reduce 0%
15/01/13 16:56:43 INFO streaming.StreamJob:  map 82%  reduce 0%
15/01/13 16:56:44 INFO streaming.StreamJob:  map 83%  reduce 0%
15/01/13 16:56:45 INFO streaming.StreamJob:  map 84%  reduce 0%
15/01/13 16:56:46 INFO streaming.StreamJob:  map 86%  reduce 0%
15/01/13 16:56:47 INFO streaming.StreamJob:  map 87%  reduce 0%
15/01/13 16:56:49 INFO streaming.StreamJob:  map 88%  reduce 0%
15/01/13 16:56:50 INFO streaming.StreamJob:  map 89%  reduce 0%
15/01/13 16:56:51 INFO streaming.StreamJob:  map 90%  reduce 1%
15/01/13 16:56:53 INFO streaming.StreamJob:  map 91%  reduce 1%
15/01/13 16:56:54 INFO streaming.StreamJob:  map 92%  reduce 3%
15/01/13 16:56:55 INFO streaming.StreamJob:  map 92%  reduce 4%
15/01/13 16:56:56 INFO streaming.StreamJob:  map 93%  reduce 5%
15/01/13 16:56:58 INFO streaming.StreamJob:  map 94%  reduce 6%
15/01/13 16:56:59 INFO streaming.StreamJob:  map 94%  reduce 7%
15/01/13 16:57:00 INFO streaming.StreamJob:  map 95%  reduce 8%
15/01/13 16:57:01 INFO streaming.StreamJob:  map 95%  reduce 9%
15/01/13 16:57:02 INFO streaming.StreamJob:  map 96%  reduce 10%
15/01/13 16:57:04 INFO streaming.StreamJob:  map 96%  reduce 11%
15/01/13 16:57:05 INFO streaming.StreamJob:  map 97%  reduce 12%
15/01/13 16:57:06 INFO streaming.StreamJob:  map 97%  reduce 13%
15/01/13 16:57:07 INFO streaming.StreamJob:  map 97%  reduce 14%
15/01/13 16:57:08 INFO streaming.StreamJob:  map 98%  reduce 15%
15/01/13 16:57:09 INFO streaming.StreamJob:  map 98%  reduce 16%
15/01/13 16:57:10 INFO streaming.StreamJob:  map 98%  reduce 17%
15/01/13 16:57:11 INFO streaming.StreamJob:  map 99%  reduce 18%
15/01/13 16:57:13 INFO streaming.StreamJob:  map 99%  reduce 19%
15/01/13 16:57:14 INFO streaming.StreamJob:  map 99%  reduce 20%
15/01/13 16:57:15 INFO streaming.StreamJob:  map 99%  reduce 21%
15/01/13 16:57:16 INFO streaming.StreamJob:  map 100%  reduce 22%
15/01/13 16:57:18 INFO streaming.StreamJob:  map 100%  reduce 23%
15/01/13 16:57:19 INFO streaming.StreamJob:  map 100%  reduce 24%
15/01/13 16:57:20 INFO streaming.StreamJob:  map 100%  reduce 25%
15/01/13 16:57:21 INFO streaming.StreamJob:  map 100%  reduce 26%
15/01/13 16:57:22 INFO streaming.StreamJob:  map 100%  reduce 27%
15/01/13 16:57:24 INFO streaming.StreamJob:  map 100%  reduce 28%
15/01/13 16:57:25 INFO streaming.StreamJob:  map 100%  reduce 29%
15/01/13 16:57:28 INFO streaming.StreamJob:  map 100%  reduce 30%
15/01/13 16:57:30 INFO streaming.StreamJob:  map 100%  reduce 31%
15/01/13 16:57:31 INFO streaming.StreamJob:  map 100%  reduce 32%
15/01/13 16:57:33 INFO streaming.StreamJob:  map 100%  reduce 35%
15/01/13 16:57:34 INFO streaming.StreamJob:  map 100%  reduce 39%
15/01/13 16:57:35 INFO streaming.StreamJob:  map 100%  reduce 48%
15/01/13 16:57:36 INFO streaming.StreamJob:  map 100%  reduce 51%
15/01/13 16:57:37 INFO streaming.StreamJob:  map 100%  reduce 58%
15/01/13 16:57:39 INFO streaming.StreamJob:  map 100%  reduce 64%
15/01/13 16:57:42 INFO streaming.StreamJob:  map 100%  reduce 65%
15/01/13 16:57:45 INFO streaming.StreamJob:  map 100%  reduce 66%
15/01/13 16:57:46 INFO streaming.StreamJob:  map 100%  reduce 68%
15/01/13 16:57:47 INFO streaming.StreamJob:  map 100%  reduce 70%
15/01/13 16:57:51 INFO streaming.StreamJob:  map 100%  reduce 71%
15/01/13 16:57:55 INFO streaming.StreamJob:  map 100%  reduce 72%
15/01/13 16:57:59 INFO streaming.StreamJob:  map 100%  reduce 73%
15/01/13 16:58:03 INFO streaming.StreamJob:  map 100%  reduce 74%
15/01/13 16:58:06 INFO streaming.StreamJob:  map 100%  reduce 75%
15/01/13 16:58:10 INFO streaming.StreamJob:  map 100%  reduce 76%
15/01/13 16:58:14 INFO streaming.StreamJob:  map 100%  reduce 77%
15/01/13 16:58:18 INFO streaming.StreamJob:  map 100%  reduce 78%
15/01/13 16:58:22 INFO streaming.StreamJob:  map 100%  reduce 79%
15/01/13 16:58:25 INFO streaming.StreamJob:  map 100%  reduce 80%
15/01/13 16:58:29 INFO streaming.StreamJob:  map 100%  reduce 81%
15/01/13 16:58:33 INFO streaming.StreamJob:  map 100%  reduce 82%
15/01/13 16:58:37 INFO streaming.StreamJob:  map 100%  reduce 83%
15/01/13 16:58:40 INFO streaming.StreamJob:  map 100%  reduce 84%
15/01/13 16:58:45 INFO streaming.StreamJob:  map 100%  reduce 85%
15/01/13 16:58:49 INFO streaming.StreamJob:  map 100%  reduce 86%
15/01/13 16:58:52 INFO streaming.StreamJob:  map 100%  reduce 87%
15/01/13 16:58:57 INFO streaming.StreamJob:  map 100%  reduce 88%
15/01/13 16:59:01 INFO streaming.StreamJob:  map 100%  reduce 89%
15/01/13 16:59:04 INFO streaming.StreamJob:  map 100%  reduce 90%
15/01/13 16:59:07 INFO streaming.StreamJob:  map 100%  reduce 91%
15/01/13 16:59:11 INFO streaming.StreamJob:  map 100%  reduce 92%
15/01/13 16:59:15 INFO streaming.StreamJob:  map 100%  reduce 93%
15/01/13 16:59:18 INFO streaming.StreamJob:  map 100%  reduce 94%
15/01/13 16:59:22 INFO streaming.StreamJob:  map 100%  reduce 95%
15/01/13 16:59:26 INFO streaming.StreamJob:  map 100%  reduce 96%
15/01/13 16:59:30 INFO streaming.StreamJob:  map 100%  reduce 97%
15/01/13 16:59:35 INFO streaming.StreamJob:  map 100%  reduce 98%
15/01/13 16:59:41 INFO streaming.StreamJob:  map 100%  reduce 99%
15/01/13 16:59:52 INFO streaming.StreamJob:  map 100%  reduce 100%
15/01/13 17:00:07 INFO streaming.StreamJob: Job complete: job_201412171200_4358
15/01/13 17:00:07 INFO streaming.StreamJob: Output: /user/dm/zhu/host_stat/jilin_jilin
Found 22 items
-rw-r--r--   2 dm supergroup          0 2015-01-13 17:00 /user/dm/zhu/host_stat/jilin_jilin/_SUCCESS
drwxrwxrwx   - dm supergroup          0 2015-01-13 16:55 /user/dm/zhu/host_stat/jilin_jilin/_logs
-rw-r--r--   2 dm supergroup  299555050 2015-01-13 16:57 /user/dm/zhu/host_stat/jilin_jilin/part-00000
-rw-r--r--   2 dm supergroup  299414839 2015-01-13 16:57 /user/dm/zhu/host_stat/jilin_jilin/part-00001
-rw-r--r--   2 dm supergroup  300048482 2015-01-13 16:57 /user/dm/zhu/host_stat/jilin_jilin/part-00002
-rw-r--r--   2 dm supergroup  299957017 2015-01-13 16:57 /user/dm/zhu/host_stat/jilin_jilin/part-00003
-rw-r--r--   2 dm supergroup  299814842 2015-01-13 16:57 /user/dm/zhu/host_stat/jilin_jilin/part-00004
-rw-r--r--   2 dm supergroup  299883286 2015-01-13 16:57 /user/dm/zhu/host_stat/jilin_jilin/part-00005
-rw-r--r--   2 dm supergroup  299542518 2015-01-13 16:57 /user/dm/zhu/host_stat/jilin_jilin/part-00006
-rw-r--r--   2 dm supergroup  299552540 2015-01-13 16:57 /user/dm/zhu/host_stat/jilin_jilin/part-00007
-rw-r--r--   2 dm supergroup  299607134 2015-01-13 16:57 /user/dm/zhu/host_stat/jilin_jilin/part-00008
-rw-r--r--   2 dm supergroup  299960531 2015-01-13 16:57 /user/dm/zhu/host_stat/jilin_jilin/part-00009
-rw-r--r--   2 dm supergroup  299790124 2015-01-13 16:57 /user/dm/zhu/host_stat/jilin_jilin/part-00010
-rw-r--r--   2 dm supergroup  299532809 2015-01-13 16:57 /user/dm/zhu/host_stat/jilin_jilin/part-00011
-rw-r--r--   2 dm supergroup  299476724 2015-01-13 16:57 /user/dm/zhu/host_stat/jilin_jilin/part-00012
-rw-r--r--   2 dm supergroup  299527206 2015-01-13 16:57 /user/dm/zhu/host_stat/jilin_jilin/part-00013
-rw-r--r--   2 dm supergroup  299903407 2015-01-13 16:57 /user/dm/zhu/host_stat/jilin_jilin/part-00014
-rw-r--r--   2 dm supergroup  299604122 2015-01-13 16:57 /user/dm/zhu/host_stat/jilin_jilin/part-00015
-rw-r--r--   2 dm supergroup  299588129 2015-01-13 16:57 /user/dm/zhu/host_stat/jilin_jilin/part-00016
-rw-r--r--   2 dm supergroup  299790260 2015-01-13 16:57 /user/dm/zhu/host_stat/jilin_jilin/part-00017
-rw-r--r--   2 dm supergroup  299891498 2015-01-13 16:57 /user/dm/zhu/host_stat/jilin_jilin/part-00018
-rw-r--r--   2 dm supergroup  299633693 2015-01-13 16:57 /user/dm/zhu/host_stat/jilin_jilin/part-00019
----------------------------------------------------
20140701
rmr: cannot remove /user/dm/zhu/newhost_stat/jilin_jilin: No such file or directory.
15/01/13 17:19:34 WARN streaming.StreamJob: -jobconf option is deprecated, please use -D instead.
packageJobJar: [./newhostmap.py, ./newhostred.py, /home/hadoop/hadoop-0.20.2-cdh3u0/hadoop-tmp-dm/hadoop-unjar5250226454347375808/] [] /tmp/streamjob5828430917910738496.jar tmpDir=null
15/01/13 17:19:34 INFO mapred.FileInputFormat: Total input paths to process : 100
15/01/13 17:19:35 INFO streaming.StreamJob: getLocalDirs(): [/data1/mapred/local]
15/01/13 17:19:35 INFO streaming.StreamJob: Running job: job_201412171200_4360
15/01/13 17:19:35 INFO streaming.StreamJob: To kill this job, run:
15/01/13 17:19:35 INFO streaming.StreamJob: /home/hadoop/hadoop-0.20.2-cdh3u0/bin/hadoop job  -Dmapred.job.tracker=DC01DR02R07C02JT01:54311 -kill job_201412171200_4360
15/01/13 17:19:35 INFO streaming.StreamJob: Tracking URL: http://DC01DR02R07C02JT01:50030/jobdetails.jsp?jobid=job_201412171200_4360
15/01/13 17:19:36 INFO streaming.StreamJob:  map 0%  reduce 0%
15/01/13 17:19:47 INFO streaming.StreamJob:  map 2%  reduce 0%
15/01/13 17:19:48 INFO streaming.StreamJob:  map 4%  reduce 0%
15/01/13 17:19:49 INFO streaming.StreamJob:  map 7%  reduce 0%
15/01/13 17:19:50 INFO streaming.StreamJob:  map 10%  reduce 0%
15/01/13 17:19:51 INFO streaming.StreamJob:  map 11%  reduce 0%
15/01/13 17:19:52 INFO streaming.StreamJob:  map 12%  reduce 0%
15/01/13 17:19:53 INFO streaming.StreamJob:  map 13%  reduce 0%
15/01/13 17:19:54 INFO streaming.StreamJob:  map 15%  reduce 0%
15/01/13 17:19:55 INFO streaming.StreamJob:  map 16%  reduce 0%
15/01/13 17:19:56 INFO streaming.StreamJob:  map 17%  reduce 0%
15/01/13 17:19:57 INFO streaming.StreamJob:  map 19%  reduce 0%
15/01/13 17:19:58 INFO streaming.StreamJob:  map 21%  reduce 0%
15/01/13 17:19:59 INFO streaming.StreamJob:  map 22%  reduce 0%
15/01/13 17:20:00 INFO streaming.StreamJob:  map 23%  reduce 0%
15/01/13 17:20:01 INFO streaming.StreamJob:  map 24%  reduce 0%
15/01/13 17:20:02 INFO streaming.StreamJob:  map 26%  reduce 0%
15/01/13 17:20:03 INFO streaming.StreamJob:  map 27%  reduce 0%
15/01/13 17:20:04 INFO streaming.StreamJob:  map 28%  reduce 0%
15/01/13 17:20:05 INFO streaming.StreamJob:  map 30%  reduce 0%
15/01/13 17:20:06 INFO streaming.StreamJob:  map 32%  reduce 0%
15/01/13 17:20:07 INFO streaming.StreamJob:  map 34%  reduce 0%
15/01/13 17:20:08 INFO streaming.StreamJob:  map 35%  reduce 0%
15/01/13 17:20:09 INFO streaming.StreamJob:  map 36%  reduce 0%
15/01/13 17:20:10 INFO streaming.StreamJob:  map 37%  reduce 0%
15/01/13 17:20:11 INFO streaming.StreamJob:  map 38%  reduce 0%
15/01/13 17:20:12 INFO streaming.StreamJob:  map 39%  reduce 0%
15/01/13 17:20:13 INFO streaming.StreamJob:  map 40%  reduce 0%
15/01/13 17:20:14 INFO streaming.StreamJob:  map 41%  reduce 0%
15/01/13 17:20:15 INFO streaming.StreamJob:  map 43%  reduce 0%
15/01/13 17:20:17 INFO streaming.StreamJob:  map 45%  reduce 0%
15/01/13 17:20:18 INFO streaming.StreamJob:  map 46%  reduce 0%
15/01/13 17:20:19 INFO streaming.StreamJob:  map 47%  reduce 0%
15/01/13 17:20:20 INFO streaming.StreamJob:  map 48%  reduce 0%
15/01/13 17:20:21 INFO streaming.StreamJob:  map 50%  reduce 0%
15/01/13 17:20:22 INFO streaming.StreamJob:  map 51%  reduce 0%
15/01/13 17:20:23 INFO streaming.StreamJob:  map 52%  reduce 0%
15/01/13 17:20:24 INFO streaming.StreamJob:  map 53%  reduce 0%
15/01/13 17:20:25 INFO streaming.StreamJob:  map 55%  reduce 0%
15/01/13 17:20:26 INFO streaming.StreamJob:  map 56%  reduce 0%
15/01/13 17:20:27 INFO streaming.StreamJob:  map 58%  reduce 0%
15/01/13 17:20:28 INFO streaming.StreamJob:  map 59%  reduce 0%
15/01/13 17:20:29 INFO streaming.StreamJob:  map 60%  reduce 0%
15/01/13 17:20:30 INFO streaming.StreamJob:  map 61%  reduce 0%
15/01/13 17:20:31 INFO streaming.StreamJob:  map 63%  reduce 0%
15/01/13 17:20:32 INFO streaming.StreamJob:  map 64%  reduce 0%
15/01/13 17:20:33 INFO streaming.StreamJob:  map 65%  reduce 0%
15/01/13 17:20:34 INFO streaming.StreamJob:  map 66%  reduce 0%
15/01/13 17:20:35 INFO streaming.StreamJob:  map 68%  reduce 0%
15/01/13 17:20:36 INFO streaming.StreamJob:  map 69%  reduce 0%
15/01/13 17:20:37 INFO streaming.StreamJob:  map 70%  reduce 0%
15/01/13 17:20:38 INFO streaming.StreamJob:  map 71%  reduce 0%
15/01/13 17:20:39 INFO streaming.StreamJob:  map 72%  reduce 0%
15/01/13 17:20:40 INFO streaming.StreamJob:  map 73%  reduce 0%
15/01/13 17:20:41 INFO streaming.StreamJob:  map 74%  reduce 0%
15/01/13 17:20:42 INFO streaming.StreamJob:  map 75%  reduce 0%
15/01/13 17:20:43 INFO streaming.StreamJob:  map 76%  reduce 1%
15/01/13 17:20:44 INFO streaming.StreamJob:  map 77%  reduce 1%
15/01/13 17:20:45 INFO streaming.StreamJob:  map 78%  reduce 1%
15/01/13 17:20:46 INFO streaming.StreamJob:  map 81%  reduce 2%
15/01/13 17:20:47 INFO streaming.StreamJob:  map 81%  reduce 5%
15/01/13 17:20:48 INFO streaming.StreamJob:  map 82%  reduce 5%
15/01/13 17:20:49 INFO streaming.StreamJob:  map 83%  reduce 6%
15/01/13 17:20:50 INFO streaming.StreamJob:  map 84%  reduce 9%
15/01/13 17:20:52 INFO streaming.StreamJob:  map 86%  reduce 11%
15/01/13 17:20:53 INFO streaming.StreamJob:  map 87%  reduce 12%
15/01/13 17:20:55 INFO streaming.StreamJob:  map 89%  reduce 13%
15/01/13 17:20:56 INFO streaming.StreamJob:  map 89%  reduce 15%
15/01/13 17:20:58 INFO streaming.StreamJob:  map 91%  reduce 16%
15/01/13 17:20:59 INFO streaming.StreamJob:  map 91%  reduce 18%
15/01/13 17:21:01 INFO streaming.StreamJob:  map 93%  reduce 18%
15/01/13 17:21:02 INFO streaming.StreamJob:  map 93%  reduce 19%
15/01/13 17:21:03 INFO streaming.StreamJob:  map 93%  reduce 20%
15/01/13 17:21:04 INFO streaming.StreamJob:  map 95%  reduce 20%
15/01/13 17:21:05 INFO streaming.StreamJob:  map 95%  reduce 21%
15/01/13 17:21:07 INFO streaming.StreamJob:  map 97%  reduce 22%
15/01/13 17:21:08 INFO streaming.StreamJob:  map 97%  reduce 23%
15/01/13 17:21:10 INFO streaming.StreamJob:  map 98%  reduce 23%
15/01/13 17:21:11 INFO streaming.StreamJob:  map 99%  reduce 24%
15/01/13 17:21:14 INFO streaming.StreamJob:  map 99%  reduce 25%
15/01/13 17:21:16 INFO streaming.StreamJob:  map 100%  reduce 25%
15/01/13 17:21:17 INFO streaming.StreamJob:  map 100%  reduce 27%
15/01/13 17:21:18 INFO streaming.StreamJob:  map 100%  reduce 28%
15/01/13 17:21:20 INFO streaming.StreamJob:  map 100%  reduce 30%
15/01/13 17:21:23 INFO streaming.StreamJob:  map 100%  reduce 31%
15/01/13 17:21:25 INFO streaming.StreamJob:  map 100%  reduce 32%
15/01/13 17:21:30 INFO streaming.StreamJob:  map 100%  reduce 33%
15/01/13 17:21:41 INFO streaming.StreamJob:  map 100%  reduce 35%
15/01/13 17:21:42 INFO streaming.StreamJob:  map 100%  reduce 37%
15/01/13 17:21:44 INFO streaming.StreamJob:  map 100%  reduce 40%
15/01/13 17:21:45 INFO streaming.StreamJob:  map 100%  reduce 44%
15/01/13 17:21:46 INFO streaming.StreamJob:  map 100%  reduce 49%
15/01/13 17:21:47 INFO streaming.StreamJob:  map 100%  reduce 54%
15/01/13 17:21:48 INFO streaming.StreamJob:  map 100%  reduce 64%
15/01/13 17:21:49 INFO streaming.StreamJob:  map 100%  reduce 66%
15/01/13 17:21:50 INFO streaming.StreamJob:  map 100%  reduce 68%
15/01/13 17:21:51 INFO streaming.StreamJob:  map 100%  reduce 71%
15/01/13 17:21:52 INFO streaming.StreamJob:  map 100%  reduce 72%
15/01/13 17:21:53 INFO streaming.StreamJob:  map 100%  reduce 74%
15/01/13 17:21:54 INFO streaming.StreamJob:  map 100%  reduce 75%
15/01/13 17:21:55 INFO streaming.StreamJob:  map 100%  reduce 76%
15/01/13 17:21:56 INFO streaming.StreamJob:  map 100%  reduce 77%
15/01/13 17:21:57 INFO streaming.StreamJob:  map 100%  reduce 78%
15/01/13 17:21:58 INFO streaming.StreamJob:  map 100%  reduce 79%
15/01/13 17:21:59 INFO streaming.StreamJob:  map 100%  reduce 80%
15/01/13 17:22:00 INFO streaming.StreamJob:  map 100%  reduce 82%
15/01/13 17:22:02 INFO streaming.StreamJob:  map 100%  reduce 83%
15/01/13 17:22:03 INFO streaming.StreamJob:  map 100%  reduce 85%
15/01/13 17:22:04 INFO streaming.StreamJob:  map 100%  reduce 86%
15/01/13 17:22:05 INFO streaming.StreamJob:  map 100%  reduce 87%
15/01/13 17:22:06 INFO streaming.StreamJob:  map 100%  reduce 88%
15/01/13 17:22:07 INFO streaming.StreamJob:  map 100%  reduce 89%
15/01/13 17:22:09 INFO streaming.StreamJob:  map 100%  reduce 92%
15/01/13 17:22:11 INFO streaming.StreamJob:  map 100%  reduce 93%
15/01/13 17:22:12 INFO streaming.StreamJob:  map 100%  reduce 94%
15/01/13 17:22:14 INFO streaming.StreamJob:  map 100%  reduce 95%
15/01/13 17:22:15 INFO streaming.StreamJob:  map 100%  reduce 96%
15/01/13 17:22:19 INFO streaming.StreamJob:  map 100%  reduce 97%
15/01/13 17:22:22 INFO streaming.StreamJob:  map 100%  reduce 98%
15/01/13 17:22:24 INFO streaming.StreamJob:  map 100%  reduce 99%
15/01/13 17:22:28 INFO streaming.StreamJob:  map 100%  reduce 100%
15/01/13 17:22:41 INFO streaming.StreamJob: Job complete: job_201412171200_4360
15/01/13 17:22:41 INFO streaming.StreamJob: Output: /user/dm/zhu/newhost_stat/jilin_jilin
Found 22 items
-rw-r--r--   2 dm supergroup          0 2015-01-13 17:22 /user/dm/zhu/newhost_stat/jilin_jilin/_SUCCESS
drwxrwxrwx   - dm supergroup          0 2015-01-13 17:19 /user/dm/zhu/newhost_stat/jilin_jilin/_logs
-rw-r--r--   2 dm supergroup        189 2015-01-13 17:21 /user/dm/zhu/newhost_stat/jilin_jilin/part-00000
-rw-r--r--   2 dm supergroup        189 2015-01-13 17:21 /user/dm/zhu/newhost_stat/jilin_jilin/part-00001
-rw-r--r--   2 dm supergroup        189 2015-01-13 17:21 /user/dm/zhu/newhost_stat/jilin_jilin/part-00002
-rw-r--r--   2 dm supergroup        189 2015-01-13 17:21 /user/dm/zhu/newhost_stat/jilin_jilin/part-00003
-rw-r--r--   2 dm supergroup        189 2015-01-13 17:21 /user/dm/zhu/newhost_stat/jilin_jilin/part-00004
-rw-r--r--   2 dm supergroup        189 2015-01-13 17:21 /user/dm/zhu/newhost_stat/jilin_jilin/part-00005
-rw-r--r--   2 dm supergroup        189 2015-01-13 17:21 /user/dm/zhu/newhost_stat/jilin_jilin/part-00006
-rw-r--r--   2 dm supergroup        189 2015-01-13 17:21 /user/dm/zhu/newhost_stat/jilin_jilin/part-00007
-rw-r--r--   2 dm supergroup        189 2015-01-13 17:21 /user/dm/zhu/newhost_stat/jilin_jilin/part-00008
-rw-r--r--   2 dm supergroup        189 2015-01-13 17:21 /user/dm/zhu/newhost_stat/jilin_jilin/part-00009
-rw-r--r--   2 dm supergroup        189 2015-01-13 17:21 /user/dm/zhu/newhost_stat/jilin_jilin/part-00010
-rw-r--r--   2 dm supergroup        189 2015-01-13 17:21 /user/dm/zhu/newhost_stat/jilin_jilin/part-00011
-rw-r--r--   2 dm supergroup        189 2015-01-13 17:21 /user/dm/zhu/newhost_stat/jilin_jilin/part-00012
-rw-r--r--   2 dm supergroup        189 2015-01-13 17:21 /user/dm/zhu/newhost_stat/jilin_jilin/part-00013
-rw-r--r--   2 dm supergroup        189 2015-01-13 17:21 /user/dm/zhu/newhost_stat/jilin_jilin/part-00014
-rw-r--r--   2 dm supergroup        189 2015-01-13 17:21 /user/dm/zhu/newhost_stat/jilin_jilin/part-00015
-rw-r--r--   2 dm supergroup        189 2015-01-13 17:21 /user/dm/zhu/newhost_stat/jilin_jilin/part-00016
-rw-r--r--   2 dm supergroup        189 2015-01-13 17:21 /user/dm/zhu/newhost_stat/jilin_jilin/part-00017
-rw-r--r--   2 dm supergroup        189 2015-01-13 17:21 /user/dm/zhu/newhost_stat/jilin_jilin/part-00018
-rw-r--r--   2 dm supergroup        189 2015-01-13 17:21 /user/dm/zhu/newhost_stat/jilin_jilin/part-00019
----------------------------------------------------
20140701
Moved to trash: hdfs://DC01DR02R08C02NN01:54310/user/dm/zhu/host_stat/jilin_jilin
15/01/15 11:53:56 WARN streaming.StreamJob: -jobconf option is deprecated, please use -D instead.
packageJobJar: [./hostmap.py, ./hostred.py, /home/hadoop/hadoop-0.20.2-cdh3u0/hadoop-tmp-dm/hadoop-unjar3427435494679461013/] [] /tmp/streamjob6619210731158934598.jar tmpDir=null
15/01/15 11:53:56 INFO mapred.FileInputFormat: Total input paths to process : 100
15/01/15 11:53:57 INFO streaming.StreamJob: getLocalDirs(): [/data1/mapred/local]
15/01/15 11:53:57 INFO streaming.StreamJob: Running job: job_201412171200_4940
15/01/15 11:53:57 INFO streaming.StreamJob: To kill this job, run:
15/01/15 11:53:57 INFO streaming.StreamJob: /home/hadoop/hadoop-0.20.2-cdh3u0/bin/hadoop job  -Dmapred.job.tracker=DC01DR02R07C02JT01:54311 -kill job_201412171200_4940
15/01/15 11:53:57 INFO streaming.StreamJob: Tracking URL: http://DC01DR02R07C02JT01:50030/jobdetails.jsp?jobid=job_201412171200_4940
15/01/15 11:53:58 INFO streaming.StreamJob:  map 0%  reduce 0%
----------------------------------------------------
20141210
Moved to trash: hdfs://DC01DR02R08C02NN01:54310/user/dm/zhu/host_stat/jilin_jilin
15/01/15 11:54:07 WARN streaming.StreamJob: -jobconf option is deprecated, please use -D instead.
packageJobJar: [./hostmap.py, ./hostred.py, /home/hadoop/hadoop-0.20.2-cdh3u0/hadoop-tmp-dm/hadoop-unjar2952305387933400385/] [] /tmp/streamjob4250542839637819730.jar tmpDir=null
15/01/15 11:54:08 INFO mapred.FileInputFormat: Total input paths to process : 100
15/01/15 11:54:09 INFO streaming.StreamJob: getLocalDirs(): [/data1/mapred/local]
15/01/15 11:54:09 INFO streaming.StreamJob: Running job: job_201412171200_4941
15/01/15 11:54:09 INFO streaming.StreamJob: To kill this job, run:
15/01/15 11:54:09 INFO streaming.StreamJob: /home/hadoop/hadoop-0.20.2-cdh3u0/bin/hadoop job  -Dmapred.job.tracker=DC01DR02R07C02JT01:54311 -kill job_201412171200_4941
15/01/15 11:54:09 INFO streaming.StreamJob: Tracking URL: http://DC01DR02R07C02JT01:50030/jobdetails.jsp?jobid=job_201412171200_4941
15/01/15 11:54:09 INFO streaming.StreamJob:  map 1%  reduce 0%
15/01/15 11:54:10 INFO streaming.StreamJob:  map 0%  reduce 0%
15/01/15 11:54:10 INFO streaming.StreamJob:  map 2%  reduce 0%
15/01/15 11:54:11 INFO streaming.StreamJob:  map 6%  reduce 0%
15/01/15 11:54:12 INFO streaming.StreamJob:  map 10%  reduce 0%
15/01/15 11:54:13 INFO streaming.StreamJob:  map 12%  reduce 0%
15/01/15 11:54:14 INFO streaming.StreamJob:  map 14%  reduce 0%
15/01/15 11:54:15 INFO streaming.StreamJob:  map 17%  reduce 0%
15/01/15 11:54:16 INFO streaming.StreamJob:  map 20%  reduce 0%
15/01/15 11:54:17 INFO streaming.StreamJob:  map 21%  reduce 0%
15/01/15 11:54:18 INFO streaming.StreamJob:  map 25%  reduce 0%
15/01/15 11:54:19 INFO streaming.StreamJob:  map 28%  reduce 0%
15/01/15 11:54:20 INFO streaming.StreamJob:  map 30%  reduce 0%
15/01/15 11:54:21 INFO streaming.StreamJob:  map 33%  reduce 0%
15/01/15 11:54:22 INFO streaming.StreamJob:  map 35%  reduce 0%
15/01/15 11:54:23 INFO streaming.StreamJob:  map 37%  reduce 0%
15/01/15 11:54:24 INFO streaming.StreamJob:  map 1%  reduce 0%
15/01/15 11:54:24 INFO streaming.StreamJob:  map 39%  reduce 0%
15/01/15 11:54:25 INFO streaming.StreamJob:  map 41%  reduce 0%
15/01/15 11:54:26 INFO streaming.StreamJob:  map 43%  reduce 0%
15/01/15 11:54:27 INFO streaming.StreamJob:  map 2%  reduce 0%
15/01/15 11:54:27 INFO streaming.StreamJob:  map 45%  reduce 0%
15/01/15 11:54:28 INFO streaming.StreamJob:  map 3%  reduce 0%
15/01/15 11:54:28 INFO streaming.StreamJob:  map 47%  reduce 0%
15/01/15 11:54:29 INFO streaming.StreamJob:  map 49%  reduce 0%
15/01/15 11:54:30 INFO streaming.StreamJob:  map 4%  reduce 0%
15/01/15 11:54:30 INFO streaming.StreamJob:  map 51%  reduce 0%
15/01/15 11:54:31 INFO streaming.StreamJob:  map 5%  reduce 0%
15/01/15 11:54:31 INFO streaming.StreamJob:  map 54%  reduce 0%
15/01/15 11:54:32 INFO streaming.StreamJob:  map 6%  reduce 0%
15/01/15 11:54:32 INFO streaming.StreamJob:  map 57%  reduce 0%
15/01/15 11:54:33 INFO streaming.StreamJob:  map 58%  reduce 0%
15/01/15 11:54:34 INFO streaming.StreamJob:  map 7%  reduce 0%
15/01/15 11:54:34 INFO streaming.StreamJob:  map 61%  reduce 0%
15/01/15 11:54:35 INFO streaming.StreamJob:  map 8%  reduce 0%
15/01/15 11:54:35 INFO streaming.StreamJob:  map 63%  reduce 0%
15/01/15 11:54:36 INFO streaming.StreamJob:  map 9%  reduce 0%
15/01/15 11:54:36 INFO streaming.StreamJob:  map 64%  reduce 0%
15/01/15 11:54:37 INFO streaming.StreamJob:  map 10%  reduce 0%
15/01/15 11:54:37 INFO streaming.StreamJob:  map 66%  reduce 0%
15/01/15 11:54:38 INFO streaming.StreamJob:  map 11%  reduce 0%
15/01/15 11:54:38 INFO streaming.StreamJob:  map 67%  reduce 0%
15/01/15 11:54:39 INFO streaming.StreamJob:  map 13%  reduce 0%
15/01/15 11:54:39 INFO streaming.StreamJob:  map 69%  reduce 0%
15/01/15 11:54:40 INFO streaming.StreamJob:  map 14%  reduce 0%
15/01/15 11:54:40 INFO streaming.StreamJob:  map 71%  reduce 0%
15/01/15 11:54:41 INFO streaming.StreamJob:  map 15%  reduce 0%
15/01/15 11:54:41 INFO streaming.StreamJob:  map 72%  reduce 0%
15/01/15 11:54:42 INFO streaming.StreamJob:  map 17%  reduce 0%
15/01/15 11:54:42 INFO streaming.StreamJob:  map 74%  reduce 0%
15/01/15 11:54:43 INFO streaming.StreamJob:  map 18%  reduce 0%
15/01/15 11:54:43 INFO streaming.StreamJob:  map 76%  reduce 0%
15/01/15 11:54:44 INFO streaming.StreamJob:  map 19%  reduce 0%
15/01/15 11:54:44 INFO streaming.StreamJob:  map 77%  reduce 0%
15/01/15 11:54:45 INFO streaming.StreamJob:  map 21%  reduce 0%
15/01/15 11:54:45 INFO streaming.StreamJob:  map 78%  reduce 0%
15/01/15 11:54:46 INFO streaming.StreamJob:  map 23%  reduce 0%
15/01/15 11:54:46 INFO streaming.StreamJob:  map 80%  reduce 0%
15/01/15 11:54:47 INFO streaming.StreamJob:  map 24%  reduce 0%
15/01/15 11:54:47 INFO streaming.StreamJob:  map 82%  reduce 0%
15/01/15 11:54:48 INFO streaming.StreamJob:  map 25%  reduce 0%
15/01/15 11:54:48 INFO streaming.StreamJob:  map 83%  reduce 0%
15/01/15 11:54:49 INFO streaming.StreamJob:  map 27%  reduce 0%
15/01/15 11:54:49 INFO streaming.StreamJob:  map 85%  reduce 0%
15/01/15 11:54:50 INFO streaming.StreamJob:  map 29%  reduce 0%
15/01/15 11:54:50 INFO streaming.StreamJob:  map 86%  reduce 0%
15/01/15 11:54:51 INFO streaming.StreamJob:  map 30%  reduce 0%
15/01/15 11:54:51 INFO streaming.StreamJob:  map 88%  reduce 0%
15/01/15 11:54:52 INFO streaming.StreamJob:  map 32%  reduce 0%
15/01/15 11:54:52 INFO streaming.StreamJob:  map 89%  reduce 0%
15/01/15 11:54:53 INFO streaming.StreamJob:  map 33%  reduce 0%
15/01/15 11:54:53 INFO streaming.StreamJob:  map 91%  reduce 0%
15/01/15 11:54:54 INFO streaming.StreamJob:  map 34%  reduce 0%
15/01/15 11:54:54 INFO streaming.StreamJob:  map 92%  reduce 0%
15/01/15 11:54:55 INFO streaming.StreamJob:  map 36%  reduce 0%
15/01/15 11:54:55 INFO streaming.StreamJob:  map 93%  reduce 0%
15/01/15 11:54:56 INFO streaming.StreamJob:  map 38%  reduce 0%
15/01/15 11:54:56 INFO streaming.StreamJob:  map 94%  reduce 0%
15/01/15 11:54:57 INFO streaming.StreamJob:  map 39%  reduce 0%
15/01/15 11:54:57 INFO streaming.StreamJob:  map 95%  reduce 0%
15/01/15 11:54:58 INFO streaming.StreamJob:  map 41%  reduce 0%
15/01/15 11:54:58 INFO streaming.StreamJob:  map 96%  reduce 0%
15/01/15 11:54:59 INFO streaming.StreamJob:  map 43%  reduce 0%
15/01/15 11:54:59 INFO streaming.StreamJob:  map 97%  reduce 0%
15/01/15 11:55:00 INFO streaming.StreamJob:  map 44%  reduce 0%
15/01/15 11:55:00 INFO streaming.StreamJob:  map 98%  reduce 0%
15/01/15 11:55:01 INFO streaming.StreamJob:  map 45%  reduce 0%
15/01/15 11:55:02 INFO streaming.StreamJob:  map 47%  reduce 0%
15/01/15 11:55:02 INFO streaming.StreamJob:  map 99%  reduce 0%
15/01/15 11:55:03 INFO streaming.StreamJob:  map 49%  reduce 0%
15/01/15 11:55:04 INFO streaming.StreamJob:  map 51%  reduce 0%
15/01/15 11:55:05 INFO streaming.StreamJob:  map 53%  reduce 0%
15/01/15 11:55:06 INFO streaming.StreamJob:  map 55%  reduce 0%
15/01/15 11:55:07 INFO streaming.StreamJob:  map 56%  reduce 0%
15/01/15 11:55:07 INFO streaming.StreamJob:  map 100%  reduce 2%
15/01/15 11:55:08 INFO streaming.StreamJob:  map 58%  reduce 0%
15/01/15 11:55:09 INFO streaming.StreamJob:  map 60%  reduce 0%
15/01/15 11:55:09 INFO streaming.StreamJob:  map 100%  reduce 3%
15/01/15 11:55:10 INFO streaming.StreamJob:  map 62%  reduce 0%
15/01/15 11:55:10 INFO streaming.StreamJob:  map 100%  reduce 4%
15/01/15 11:55:11 INFO streaming.StreamJob:  map 64%  reduce 0%
15/01/15 11:55:11 INFO streaming.StreamJob:  map 100%  reduce 6%
15/01/15 11:55:12 INFO streaming.StreamJob:  map 65%  reduce 0%
15/01/15 11:55:13 INFO streaming.StreamJob:  map 66%  reduce 0%
15/01/15 11:55:13 INFO streaming.StreamJob:  map 100%  reduce 7%
15/01/15 11:55:14 INFO streaming.StreamJob:  map 68%  reduce 0%
15/01/15 11:55:14 INFO streaming.StreamJob:  map 100%  reduce 8%
15/01/15 11:55:15 INFO streaming.StreamJob:  map 69%  reduce 0%
15/01/15 11:55:16 INFO streaming.StreamJob:  map 71%  reduce 0%
15/01/15 11:55:16 INFO streaming.StreamJob:  map 100%  reduce 9%
15/01/15 11:55:17 INFO streaming.StreamJob:  map 72%  reduce 0%
15/01/15 11:55:17 INFO streaming.StreamJob:  map 100%  reduce 10%
15/01/15 11:55:18 INFO streaming.StreamJob:  map 73%  reduce 0%
15/01/15 11:55:19 INFO streaming.StreamJob:  map 74%  reduce 0%
15/01/15 11:55:19 INFO streaming.StreamJob:  map 100%  reduce 11%
15/01/15 11:55:20 INFO streaming.StreamJob:  map 75%  reduce 0%
15/01/15 11:55:20 INFO streaming.StreamJob:  map 100%  reduce 12%
15/01/15 11:55:21 INFO streaming.StreamJob:  map 76%  reduce 0%
15/01/15 11:55:22 INFO streaming.StreamJob:  map 77%  reduce 0%
15/01/15 11:55:22 INFO streaming.StreamJob:  map 100%  reduce 13%
15/01/15 11:55:23 INFO streaming.StreamJob:  map 78%  reduce 0%
15/01/15 11:55:23 INFO streaming.StreamJob:  map 100%  reduce 14%
15/01/15 11:55:24 INFO streaming.StreamJob:  map 80%  reduce 0%
15/01/15 11:55:24 INFO streaming.StreamJob:  map 100%  reduce 15%
15/01/15 11:55:25 INFO streaming.StreamJob:  map 81%  reduce 0%
15/01/15 11:55:26 INFO streaming.StreamJob:  map 82%  reduce 0%
15/01/15 11:55:26 INFO streaming.StreamJob:  map 100%  reduce 16%
15/01/15 11:55:27 INFO streaming.StreamJob:  map 83%  reduce 0%
15/01/15 11:55:28 INFO streaming.StreamJob:  map 84%  reduce 0%
15/01/15 11:55:28 INFO streaming.StreamJob:  map 100%  reduce 17%
15/01/15 11:55:29 INFO streaming.StreamJob:  map 85%  reduce 1%
15/01/15 11:55:29 INFO streaming.StreamJob:  map 100%  reduce 18%
15/01/15 11:55:30 INFO streaming.StreamJob:  map 86%  reduce 1%
15/01/15 11:55:31 INFO streaming.StreamJob:  map 87%  reduce 1%
15/01/15 11:55:32 INFO streaming.StreamJob:  map 88%  reduce 2%
15/01/15 11:55:32 INFO streaming.StreamJob:  map 100%  reduce 19%
15/01/15 11:55:33 INFO streaming.StreamJob:  map 89%  reduce 2%
15/01/15 11:55:34 INFO streaming.StreamJob:  map 90%  reduce 2%
15/01/15 11:55:34 INFO streaming.StreamJob:  map 100%  reduce 21%
15/01/15 11:55:35 INFO streaming.StreamJob:  map 91%  reduce 3%
15/01/15 11:55:36 INFO streaming.StreamJob:  map 92%  reduce 3%
15/01/15 11:55:37 INFO streaming.StreamJob:  map 100%  reduce 22%
15/01/15 11:55:38 INFO streaming.StreamJob:  map 93%  reduce 4%
15/01/15 11:55:38 INFO streaming.StreamJob:  map 100%  reduce 23%
15/01/15 11:55:39 INFO streaming.StreamJob:  map 94%  reduce 4%
15/01/15 11:55:40 INFO streaming.StreamJob:  map 95%  reduce 4%
15/01/15 11:55:41 INFO streaming.StreamJob:  map 95%  reduce 5%
15/01/15 11:55:42 INFO streaming.StreamJob:  map 96%  reduce 5%
15/01/15 11:55:42 INFO streaming.StreamJob:  map 100%  reduce 24%
15/01/15 11:55:43 INFO streaming.StreamJob:  map 97%  reduce 5%
15/01/15 11:55:44 INFO streaming.StreamJob:  map 97%  reduce 6%
15/01/15 11:55:45 INFO streaming.StreamJob:  map 97%  reduce 7%
15/01/15 11:55:45 INFO streaming.StreamJob:  map 100%  reduce 25%
15/01/15 11:55:46 INFO streaming.StreamJob:  map 98%  reduce 7%
15/01/15 11:55:47 INFO streaming.StreamJob:  map 99%  reduce 7%
15/01/15 11:55:48 INFO streaming.StreamJob:  map 99%  reduce 8%
15/01/15 11:55:48 INFO streaming.StreamJob:  map 100%  reduce 26%
15/01/15 11:55:50 INFO streaming.StreamJob:  map 99%  reduce 9%
15/01/15 11:55:51 INFO streaming.StreamJob:  map 100%  reduce 27%
15/01/15 11:55:52 INFO streaming.StreamJob:  map 100%  reduce 10%
15/01/15 11:55:54 INFO streaming.StreamJob:  map 100%  reduce 11%
15/01/15 11:55:55 INFO streaming.StreamJob:  map 100%  reduce 28%
15/01/15 11:55:56 INFO streaming.StreamJob:  map 100%  reduce 12%
15/01/15 11:55:57 INFO streaming.StreamJob:  map 100%  reduce 13%
15/01/15 11:55:59 INFO streaming.StreamJob:  map 100%  reduce 14%
15/01/15 11:55:59 INFO streaming.StreamJob:  map 100%  reduce 29%
15/01/15 11:56:01 INFO streaming.StreamJob:  map 100%  reduce 15%
15/01/15 11:56:02 INFO streaming.StreamJob:  map 100%  reduce 30%
15/01/15 11:56:03 INFO streaming.StreamJob:  map 100%  reduce 16%
15/01/15 11:56:05 INFO streaming.StreamJob:  map 100%  reduce 17%
15/01/15 11:56:06 INFO streaming.StreamJob:  map 100%  reduce 18%
15/01/15 11:56:08 INFO streaming.StreamJob:  map 100%  reduce 19%
15/01/15 11:56:08 INFO streaming.StreamJob:  map 100%  reduce 31%
15/01/15 11:56:10 INFO streaming.StreamJob:  map 100%  reduce 20%
15/01/15 11:56:12 INFO streaming.StreamJob:  map 100%  reduce 21%
15/01/15 11:56:14 INFO streaming.StreamJob:  map 100%  reduce 22%
15/01/15 11:56:16 INFO streaming.StreamJob:  map 100%  reduce 23%
15/01/15 11:56:17 INFO streaming.StreamJob:  map 100%  reduce 32%
15/01/15 11:56:18 INFO streaming.StreamJob:  map 100%  reduce 24%
15/01/15 11:56:21 INFO streaming.StreamJob:  map 100%  reduce 25%
15/01/15 11:56:24 INFO streaming.StreamJob:  map 100%  reduce 26%
15/01/15 11:56:26 INFO streaming.StreamJob:  map 100%  reduce 34%
15/01/15 11:56:27 INFO streaming.StreamJob:  map 100%  reduce 27%
15/01/15 11:56:28 INFO streaming.StreamJob:  map 100%  reduce 36%
15/01/15 11:56:31 INFO streaming.StreamJob:  map 100%  reduce 28%
15/01/15 11:56:34 INFO streaming.StreamJob:  map 100%  reduce 38%
15/01/15 11:56:36 INFO streaming.StreamJob:  map 100%  reduce 29%
15/01/15 11:56:41 INFO streaming.StreamJob:  map 100%  reduce 41%
15/01/15 11:56:42 INFO streaming.StreamJob:  map 100%  reduce 30%
15/01/15 11:56:43 INFO streaming.StreamJob:  map 100%  reduce 42%
15/01/15 11:56:46 INFO streaming.StreamJob:  map 100%  reduce 43%
15/01/15 11:56:47 INFO streaming.StreamJob:  map 100%  reduce 44%
15/01/15 11:56:52 INFO streaming.StreamJob:  map 100%  reduce 46%
15/01/15 11:56:53 INFO streaming.StreamJob:  map 100%  reduce 48%
15/01/15 11:56:56 INFO streaming.StreamJob:  map 100%  reduce 51%
15/01/15 11:56:57 INFO streaming.StreamJob:  map 100%  reduce 31%
15/01/15 11:56:58 INFO streaming.StreamJob:  map 100%  reduce 52%
15/01/15 11:56:59 INFO streaming.StreamJob:  map 100%  reduce 53%
15/01/15 11:57:00 INFO streaming.StreamJob:  map 100%  reduce 54%
15/01/15 11:57:02 INFO streaming.StreamJob:  map 100%  reduce 56%
15/01/15 11:57:08 INFO streaming.StreamJob:  map 100%  reduce 57%
15/01/15 11:57:12 INFO streaming.StreamJob:  map 100%  reduce 58%
15/01/15 11:57:14 INFO streaming.StreamJob:  map 100%  reduce 32%
15/01/15 11:57:16 INFO streaming.StreamJob:  map 100%  reduce 60%
15/01/15 11:57:18 INFO streaming.StreamJob:  map 100%  reduce 62%
15/01/15 11:57:20 INFO streaming.StreamJob:  map 100%  reduce 63%
15/01/15 11:57:22 INFO streaming.StreamJob:  map 100%  reduce 65%
15/01/15 11:57:25 INFO streaming.StreamJob:  map 100%  reduce 66%
15/01/15 11:57:28 INFO streaming.StreamJob:  map 100%  reduce 70%
15/01/15 11:57:32 INFO streaming.StreamJob:  map 100%  reduce 72%
15/01/15 11:57:34 INFO streaming.StreamJob:  map 100%  reduce 73%
15/01/15 11:57:37 INFO streaming.StreamJob:  map 100%  reduce 74%
15/01/15 11:57:39 INFO streaming.StreamJob:  map 100%  reduce 34%
15/01/15 11:57:41 INFO streaming.StreamJob:  map 100%  reduce 75%
15/01/15 11:57:43 INFO streaming.StreamJob:  map 100%  reduce 77%
15/01/15 11:57:44 INFO streaming.StreamJob:  map 100%  reduce 36%
15/01/15 11:57:47 INFO streaming.StreamJob:  map 100%  reduce 78%
15/01/15 11:57:49 INFO streaming.StreamJob:  map 100%  reduce 38%
15/01/15 11:57:50 INFO streaming.StreamJob:  map 100%  reduce 79%
15/01/15 11:57:51 INFO streaming.StreamJob:  map 100%  reduce 40%
15/01/15 11:57:53 INFO streaming.StreamJob:  map 100%  reduce 80%
15/01/15 11:57:53 INFO streaming.StreamJob:  map 100%  reduce 41%
15/01/15 11:57:54 INFO streaming.StreamJob:  map 100%  reduce 45%
15/01/15 11:57:56 INFO streaming.StreamJob:  map 100%  reduce 48%
15/01/15 11:57:57 INFO streaming.StreamJob:  map 100%  reduce 50%
15/01/15 11:57:58 INFO streaming.StreamJob:  map 100%  reduce 81%
15/01/15 11:57:58 INFO streaming.StreamJob:  map 100%  reduce 52%
15/01/15 11:57:59 INFO streaming.StreamJob:  map 100%  reduce 54%
15/01/15 11:58:02 INFO streaming.StreamJob:  map 100%  reduce 82%
15/01/15 11:58:02 INFO streaming.StreamJob:  map 100%  reduce 56%
15/01/15 11:58:05 INFO streaming.StreamJob:  map 100%  reduce 83%
15/01/15 11:58:07 INFO streaming.StreamJob:  map 100%  reduce 60%
15/01/15 11:58:09 INFO streaming.StreamJob:  map 100%  reduce 84%
15/01/15 11:58:10 INFO streaming.StreamJob:  map 100%  reduce 64%
15/01/15 11:58:11 INFO streaming.StreamJob:  map 100%  reduce 65%
15/01/15 11:58:12 INFO streaming.StreamJob:  map 100%  reduce 66%
15/01/15 11:58:14 INFO streaming.StreamJob:  map 100%  reduce 85%
15/01/15 11:58:17 INFO streaming.StreamJob:  map 100%  reduce 86%
15/01/15 11:58:17 INFO streaming.StreamJob:  map 100%  reduce 67%
15/01/15 11:58:21 INFO streaming.StreamJob:  map 100%  reduce 88%
15/01/15 11:58:22 INFO streaming.StreamJob:  map 100%  reduce 89%
15/01/15 11:58:22 INFO streaming.StreamJob:  map 100%  reduce 69%
15/01/15 11:58:26 INFO streaming.StreamJob:  map 100%  reduce 90%
15/01/15 11:58:26 INFO streaming.StreamJob:  map 100%  reduce 70%
15/01/15 11:58:30 INFO streaming.StreamJob:  map 100%  reduce 91%
15/01/15 11:58:32 INFO streaming.StreamJob:  map 100%  reduce 71%
15/01/15 11:58:35 INFO streaming.StreamJob:  map 100%  reduce 92%
15/01/15 11:58:38 INFO streaming.StreamJob:  map 100%  reduce 72%
15/01/15 11:58:39 INFO streaming.StreamJob:  map 100%  reduce 93%
15/01/15 11:58:42 INFO streaming.StreamJob:  map 100%  reduce 74%
15/01/15 11:58:44 INFO streaming.StreamJob:  map 100%  reduce 94%
15/01/15 11:58:47 INFO streaming.StreamJob:  map 100%  reduce 75%
15/01/15 11:58:50 INFO streaming.StreamJob:  map 100%  reduce 95%
15/01/15 11:58:55 INFO streaming.StreamJob:  map 100%  reduce 76%
15/01/15 11:58:57 INFO streaming.StreamJob:  map 100%  reduce 96%
15/01/15 11:59:01 INFO streaming.StreamJob:  map 100%  reduce 77%
15/01/15 11:59:05 INFO streaming.StreamJob:  map 100%  reduce 97%
15/01/15 11:59:07 INFO streaming.StreamJob:  map 100%  reduce 78%
15/01/15 11:59:14 INFO streaming.StreamJob:  map 100%  reduce 79%
15/01/15 11:59:15 INFO streaming.StreamJob:  map 100%  reduce 98%
15/01/15 11:59:20 INFO streaming.StreamJob:  map 100%  reduce 80%
15/01/15 11:59:27 INFO streaming.StreamJob:  map 100%  reduce 81%
15/01/15 11:59:27 INFO streaming.StreamJob:  map 100%  reduce 99%
15/01/15 11:59:34 INFO streaming.StreamJob:  map 100%  reduce 82%
15/01/15 11:59:39 INFO streaming.StreamJob:  map 100%  reduce 83%
15/01/15 11:59:45 INFO streaming.StreamJob:  map 100%  reduce 84%
15/01/15 11:59:50 INFO streaming.StreamJob:  map 100%  reduce 85%
15/01/15 11:59:51 INFO streaming.StreamJob:  map 100%  reduce 100%
15/01/15 11:59:55 INFO streaming.StreamJob:  map 100%  reduce 86%
15/01/15 12:00:01 INFO streaming.StreamJob:  map 100%  reduce 87%
15/01/15 12:00:06 INFO streaming.StreamJob:  map 100%  reduce 88%
15/01/15 12:00:13 INFO streaming.StreamJob:  map 100%  reduce 89%
15/01/15 12:00:19 INFO streaming.StreamJob:  map 100%  reduce 90%
15/01/15 12:00:20 INFO streaming.StreamJob: Job complete: job_201412171200_4940
15/01/15 12:00:20 INFO streaming.StreamJob: Output: /user/dm/zhu/host_stat/jilin_jilin
Found 22 items
-rw-r--r--   2 dm supergroup          0 2015-01-15 12:00 /user/dm/zhu/host_stat/jilin_jilin/_SUCCESS
drwxrwxrwx   - dm supergroup          0 2015-01-15 11:54 /user/dm/zhu/host_stat/jilin_jilin/_logs
-rw-r--r--   2 dm supergroup  299555050 2015-01-15 11:56 /user/dm/zhu/host_stat/jilin_jilin/part-00000
-rw-r--r--   2 dm supergroup  299414839 2015-01-15 11:56 /user/dm/zhu/host_stat/jilin_jilin/part-00001
-rw-r--r--   2 dm supergroup  300048482 2015-01-15 11:56 /user/dm/zhu/host_stat/jilin_jilin/part-00002
-rw-r--r--   2 dm supergroup  299957017 2015-01-15 11:57 /user/dm/zhu/host_stat/jilin_jilin/part-00003
-rw-r--r--   2 dm supergroup  299814842 2015-01-15 11:56 /user/dm/zhu/host_stat/jilin_jilin/part-00004
-rw-r--r--   2 dm supergroup  299883286 2015-01-15 11:57 /user/dm/zhu/host_stat/jilin_jilin/part-00005
-rw-r--r--   2 dm supergroup  299542518 2015-01-15 11:56 /user/dm/zhu/host_stat/jilin_jilin/part-00006
-rw-r--r--   2 dm supergroup  299552540 2015-01-15 11:56 /user/dm/zhu/host_stat/jilin_jilin/part-00007
-rw-r--r--   2 dm supergroup  299607134 2015-01-15 11:58 /user/dm/zhu/host_stat/jilin_jilin/part-00008
-rw-r--r--   2 dm supergroup  299960531 2015-01-15 11:57 /user/dm/zhu/host_stat/jilin_jilin/part-00009
-rw-r--r--   2 dm supergroup  299790124 2015-01-15 11:56 /user/dm/zhu/host_stat/jilin_jilin/part-00010
-rw-r--r--   2 dm supergroup  567732238 2015-01-15 11:57 /user/dm/zhu/host_stat/jilin_jilin/part-00011
-rw-r--r--   2 dm supergroup  299476724 2015-01-15 11:56 /user/dm/zhu/host_stat/jilin_jilin/part-00012
-rw-r--r--   2 dm supergroup  299527206 2015-01-15 11:56 /user/dm/zhu/host_stat/jilin_jilin/part-00013
-rw-r--r--   2 dm supergroup  299903407 2015-01-15 11:57 /user/dm/zhu/host_stat/jilin_jilin/part-00014
-rw-r--r--   2 dm supergroup  299604122 2015-01-15 11:57 /user/dm/zhu/host_stat/jilin_jilin/part-00015
-rw-r--r--   2 dm supergroup  299588129 2015-01-15 11:57 /user/dm/zhu/host_stat/jilin_jilin/part-00016
-rw-r--r--   2 dm supergroup  299790260 2015-01-15 11:57 /user/dm/zhu/host_stat/jilin_jilin/part-00017
-rw-r--r--   2 dm supergroup  299891498 2015-01-15 11:56 /user/dm/zhu/host_stat/jilin_jilin/part-00018
-rw-r--r--   2 dm supergroup  299633693 2015-01-15 11:56 /user/dm/zhu/host_stat/jilin_jilin/part-00019
15/01/15 12:00:27 INFO streaming.StreamJob:  map 100%  reduce 91%
15/01/15 12:00:34 INFO streaming.StreamJob:  map 100%  reduce 92%
15/01/15 12:00:41 INFO streaming.StreamJob:  map 100%  reduce 93%
15/01/15 12:00:48 INFO streaming.StreamJob:  map 100%  reduce 94%
15/01/15 12:00:51 INFO streaming.StreamJob:  map 100%  reduce 89%
15/01/15 12:00:54 INFO streaming.StreamJob:  map 100%  reduce 84%
15/01/15 12:00:55 INFO streaming.StreamJob:  map 100%  reduce 85%
15/01/15 12:00:57 INFO streaming.StreamJob:  map 100%  reduce 81%
15/01/15 12:01:01 INFO streaming.StreamJob:  map 100%  reduce 77%
15/01/15 12:01:02 INFO streaming.StreamJob:  map 100%  reduce 72%
15/01/15 12:01:03 INFO streaming.StreamJob:  map 100%  reduce 67%
15/01/15 12:01:04 INFO streaming.StreamJob:  map 100%  reduce 68%
15/01/15 12:01:08 INFO streaming.StreamJob:  map 100%  reduce 69%
15/01/15 12:01:14 INFO streaming.StreamJob:  map 100%  reduce 70%
15/01/15 12:01:15 INFO streaming.StreamJob:  map 100%  reduce 65%
15/01/15 12:01:17 INFO streaming.StreamJob:  map 100%  reduce 60%
15/01/15 12:01:19 INFO streaming.StreamJob:  map 100%  reduce 56%
15/01/15 12:01:21 INFO streaming.StreamJob:  map 100%  reduce 51%
15/01/15 12:01:22 INFO streaming.StreamJob:  map 100%  reduce 46%
15/01/15 12:01:24 INFO streaming.StreamJob:  map 100%  reduce 47%
15/01/15 12:01:28 INFO streaming.StreamJob:  map 100%  reduce 43%
15/01/15 12:01:32 INFO streaming.StreamJob:  map 100%  reduce 44%
15/01/15 12:01:36 INFO streaming.StreamJob:  map 100%  reduce 45%
15/01/15 12:01:39 INFO streaming.StreamJob:  map 100%  reduce 46%
15/01/15 12:01:45 INFO streaming.StreamJob:  map 100%  reduce 47%
15/01/15 12:01:47 INFO streaming.StreamJob:  map 100%  reduce 42%
15/01/15 12:01:48 INFO streaming.StreamJob:  map 100%  reduce 37%
15/01/15 12:01:50 INFO streaming.StreamJob:  map 100%  reduce 33%
15/01/15 12:01:51 INFO streaming.StreamJob:  map 100%  reduce 35%
15/01/15 12:01:56 INFO streaming.StreamJob:  map 100%  reduce 36%
15/01/15 12:01:57 INFO streaming.StreamJob:  map 100%  reduce 34%
15/01/15 12:02:03 INFO streaming.StreamJob:  map 100%  reduce 35%
15/01/15 12:02:04 INFO streaming.StreamJob:  map 100%  reduce 33%
15/01/15 12:02:05 INFO streaming.StreamJob:  map 100%  reduce 32%
15/01/15 12:02:06 INFO streaming.StreamJob:  map 100%  reduce 33%
15/01/15 12:02:10 INFO streaming.StreamJob:  map 100%  reduce 34%
15/01/15 12:02:14 INFO streaming.StreamJob:  map 100%  reduce 35%
15/01/15 12:02:17 INFO streaming.StreamJob:  map 100%  reduce 36%
15/01/15 12:02:20 INFO streaming.StreamJob:  map 100%  reduce 37%
15/01/15 12:02:23 INFO streaming.StreamJob:  map 100%  reduce 38%
15/01/15 12:02:27 INFO streaming.StreamJob:  map 100%  reduce 39%
15/01/15 12:02:29 INFO streaming.StreamJob:  map 100%  reduce 34%
15/01/15 12:02:33 INFO streaming.StreamJob:  map 100%  reduce 35%
15/01/15 12:02:37 INFO streaming.StreamJob:  map 100%  reduce 36%
15/01/15 12:02:40 INFO streaming.StreamJob:  map 100%  reduce 31%
15/01/15 12:02:44 INFO streaming.StreamJob:  map 100%  reduce 32%
15/01/15 12:02:51 INFO streaming.StreamJob:  map 100%  reduce 33%
15/01/15 12:02:53 INFO streaming.StreamJob:  map 100%  reduce 31%
15/01/15 12:02:54 INFO streaming.StreamJob:  map 100%  reduce 32%
15/01/15 12:02:55 INFO streaming.StreamJob:  map 100%  reduce 27%
15/01/15 12:02:57 INFO streaming.StreamJob:  map 100%  reduce 26%
15/01/15 12:02:58 INFO streaming.StreamJob:  map 100%  reduce 25%
15/01/15 12:03:03 INFO streaming.StreamJob:  map 100%  reduce 26%
15/01/15 12:03:04 INFO streaming.StreamJob:  map 100%  reduce 27%
15/01/15 12:03:05 INFO streaming.StreamJob:  map 100%  reduce 26%
15/01/15 12:03:09 INFO streaming.StreamJob:  map 100%  reduce 25%
15/01/15 12:03:10 INFO streaming.StreamJob:  map 100%  reduce 23%
15/01/15 12:03:13 INFO streaming.StreamJob:  map 100%  reduce 24%
15/01/15 12:03:19 INFO streaming.StreamJob:  map 100%  reduce 25%
15/01/15 12:03:29 INFO streaming.StreamJob:  map 100%  reduce 26%
15/01/15 12:03:30 INFO streaming.StreamJob:  map 100%  reduce 21%
15/01/15 12:03:47 INFO streaming.StreamJob:  map 100%  reduce 22%
15/01/15 12:03:50 INFO streaming.StreamJob:  map 100%  reduce 20%
15/01/15 12:03:56 INFO streaming.StreamJob:  map 100%  reduce 100%
15/01/15 12:03:56 INFO streaming.StreamJob: To kill this job, run:
15/01/15 12:03:56 INFO streaming.StreamJob: /home/hadoop/hadoop-0.20.2-cdh3u0/bin/hadoop job  -Dmapred.job.tracker=DC01DR02R07C02JT01:54311 -kill job_201412171200_4941
15/01/15 12:03:56 INFO streaming.StreamJob: Tracking URL: http://DC01DR02R07C02JT01:50030/jobdetails.jsp?jobid=job_201412171200_4941
15/01/15 12:03:56 ERROR streaming.StreamJob: Job not successful. Error: NA
15/01/15 12:03:56 INFO streaming.StreamJob: killJob...
Streaming Command Failed!
Found 22 items
-rw-r--r--   2 dm supergroup          0 2015-01-15 12:00 /user/dm/zhu/host_stat/jilin_jilin/_SUCCESS
drwxrwxrwx   - dm supergroup          0 2015-01-15 11:54 /user/dm/zhu/host_stat/jilin_jilin/_logs
-rw-r--r--   2 dm supergroup  299555050 2015-01-15 11:56 /user/dm/zhu/host_stat/jilin_jilin/part-00000
-rw-r--r--   2 dm supergroup  299414839 2015-01-15 11:56 /user/dm/zhu/host_stat/jilin_jilin/part-00001
-rw-r--r--   2 dm supergroup  300048482 2015-01-15 11:56 /user/dm/zhu/host_stat/jilin_jilin/part-00002
-rw-r--r--   2 dm supergroup  299957017 2015-01-15 11:57 /user/dm/zhu/host_stat/jilin_jilin/part-00003
-rw-r--r--   2 dm supergroup  299814842 2015-01-15 11:56 /user/dm/zhu/host_stat/jilin_jilin/part-00004
-rw-r--r--   2 dm supergroup  299883286 2015-01-15 11:57 /user/dm/zhu/host_stat/jilin_jilin/part-00005
-rw-r--r--   2 dm supergroup  299542518 2015-01-15 11:56 /user/dm/zhu/host_stat/jilin_jilin/part-00006
-rw-r--r--   2 dm supergroup  299552540 2015-01-15 11:56 /user/dm/zhu/host_stat/jilin_jilin/part-00007
-rw-r--r--   2 dm supergroup  299607134 2015-01-15 11:58 /user/dm/zhu/host_stat/jilin_jilin/part-00008
-rw-r--r--   2 dm supergroup  299960531 2015-01-15 11:57 /user/dm/zhu/host_stat/jilin_jilin/part-00009
-rw-r--r--   2 dm supergroup  299790124 2015-01-15 11:56 /user/dm/zhu/host_stat/jilin_jilin/part-00010
-rw-r--r--   2 dm supergroup  567732238 2015-01-15 11:57 /user/dm/zhu/host_stat/jilin_jilin/part-00011
-rw-r--r--   2 dm supergroup  299476724 2015-01-15 11:56 /user/dm/zhu/host_stat/jilin_jilin/part-00012
-rw-r--r--   2 dm supergroup  299527206 2015-01-15 11:56 /user/dm/zhu/host_stat/jilin_jilin/part-00013
-rw-r--r--   2 dm supergroup  299903407 2015-01-15 11:57 /user/dm/zhu/host_stat/jilin_jilin/part-00014
-rw-r--r--   2 dm supergroup  299604122 2015-01-15 11:57 /user/dm/zhu/host_stat/jilin_jilin/part-00015
-rw-r--r--   2 dm supergroup  299588129 2015-01-15 11:57 /user/dm/zhu/host_stat/jilin_jilin/part-00016
-rw-r--r--   2 dm supergroup  299790260 2015-01-15 11:57 /user/dm/zhu/host_stat/jilin_jilin/part-00017
-rw-r--r--   2 dm supergroup  299891498 2015-01-15 11:56 /user/dm/zhu/host_stat/jilin_jilin/part-00018
-rw-r--r--   2 dm supergroup  299633693 2015-01-15 11:56 /user/dm/zhu/host_stat/jilin_jilin/part-00019
----------------------------------------------------
20140701
Moved to trash: hdfs://DC01DR02R08C02NN01:54310/user/dm/zhu/newhost_stat/jilin_jilin
15/01/15 13:48:39 WARN streaming.StreamJob: -jobconf option is deprecated, please use -D instead.
packageJobJar: [./newhostmap.py, ./newhostred.py, /home/hadoop/hadoop-0.20.2-cdh3u0/hadoop-tmp-dm/hadoop-unjar2907998665496745103/] [] /tmp/streamjob4840205301180405667.jar tmpDir=null
15/01/15 13:48:40 INFO mapred.FileInputFormat: Total input paths to process : 100
15/01/15 13:49:12 INFO streaming.StreamJob: getLocalDirs(): [/data1/mapred/local]
15/01/15 13:49:12 INFO streaming.StreamJob: Running job: job_201412171200_4970
15/01/15 13:49:12 INFO streaming.StreamJob: To kill this job, run:
15/01/15 13:49:12 INFO streaming.StreamJob: /home/hadoop/hadoop-0.20.2-cdh3u0/bin/hadoop job  -Dmapred.job.tracker=DC01DR02R07C02JT01:54311 -kill job_201412171200_4970
15/01/15 13:49:12 INFO streaming.StreamJob: Tracking URL: http://DC01DR02R07C02JT01:50030/jobdetails.jsp?jobid=job_201412171200_4970
15/01/15 13:49:13 INFO streaming.StreamJob:  map 0%  reduce 0%
15/01/15 13:49:34 INFO streaming.StreamJob:  map 1%  reduce 0%
15/01/15 13:49:38 INFO streaming.StreamJob:  map 2%  reduce 0%
15/01/15 13:49:39 INFO streaming.StreamJob:  map 3%  reduce 0%
15/01/15 13:49:41 INFO streaming.StreamJob:  map 4%  reduce 0%
15/01/15 13:49:42 INFO streaming.StreamJob:  map 5%  reduce 0%
15/01/15 13:49:44 INFO streaming.StreamJob:  map 6%  reduce 0%
15/01/15 13:49:46 INFO streaming.StreamJob:  map 7%  reduce 0%
15/01/15 13:49:47 INFO streaming.StreamJob:  map 8%  reduce 0%
15/01/15 13:49:48 INFO streaming.StreamJob:  map 9%  reduce 0%
15/01/15 13:49:49 INFO streaming.StreamJob:  map 10%  reduce 0%
15/01/15 13:49:50 INFO streaming.StreamJob:  map 11%  reduce 0%
15/01/15 13:49:51 INFO streaming.StreamJob:  map 12%  reduce 0%
15/01/15 13:49:52 INFO streaming.StreamJob:  map 13%  reduce 0%
15/01/15 13:49:53 INFO streaming.StreamJob:  map 14%  reduce 0%
15/01/15 13:49:54 INFO streaming.StreamJob:  map 15%  reduce 0%
15/01/15 13:49:55 INFO streaming.StreamJob:  map 16%  reduce 0%
15/01/15 13:49:56 INFO streaming.StreamJob:  map 18%  reduce 0%
15/01/15 13:49:57 INFO streaming.StreamJob:  map 19%  reduce 0%
15/01/15 13:49:58 INFO streaming.StreamJob:  map 20%  reduce 0%
15/01/15 13:49:59 INFO streaming.StreamJob:  map 21%  reduce 0%
15/01/15 13:50:00 INFO streaming.StreamJob:  map 22%  reduce 0%
15/01/15 13:50:02 INFO streaming.StreamJob:  map 24%  reduce 0%
15/01/15 13:50:04 INFO streaming.StreamJob:  map 25%  reduce 0%
15/01/15 13:50:05 INFO streaming.StreamJob:  map 26%  reduce 0%
15/01/15 13:50:06 INFO streaming.StreamJob:  map 27%  reduce 0%
15/01/15 13:50:07 INFO streaming.StreamJob:  map 28%  reduce 0%
15/01/15 13:50:08 INFO streaming.StreamJob:  map 29%  reduce 0%
15/01/15 13:50:09 INFO streaming.StreamJob:  map 30%  reduce 0%
15/01/15 13:50:10 INFO streaming.StreamJob:  map 31%  reduce 0%
15/01/15 13:50:11 INFO streaming.StreamJob:  map 32%  reduce 0%
15/01/15 13:50:12 INFO streaming.StreamJob:  map 34%  reduce 0%
15/01/15 13:50:13 INFO streaming.StreamJob:  map 35%  reduce 0%
15/01/15 13:50:14 INFO streaming.StreamJob:  map 37%  reduce 0%
15/01/15 13:50:15 INFO streaming.StreamJob:  map 39%  reduce 0%
15/01/15 13:50:16 INFO streaming.StreamJob:  map 40%  reduce 0%
15/01/15 13:50:17 INFO streaming.StreamJob:  map 41%  reduce 0%
15/01/15 13:50:18 INFO streaming.StreamJob:  map 42%  reduce 0%
15/01/15 13:50:19 INFO streaming.StreamJob:  map 43%  reduce 0%
15/01/15 13:50:20 INFO streaming.StreamJob:  map 44%  reduce 0%
15/01/15 13:50:21 INFO streaming.StreamJob:  map 46%  reduce 0%
15/01/15 13:50:22 INFO streaming.StreamJob:  map 47%  reduce 0%
15/01/15 13:50:23 INFO streaming.StreamJob:  map 50%  reduce 0%
15/01/15 13:50:24 INFO streaming.StreamJob:  map 51%  reduce 0%
15/01/15 13:50:25 INFO streaming.StreamJob:  map 53%  reduce 0%
15/01/15 13:50:26 INFO streaming.StreamJob:  map 54%  reduce 0%
15/01/15 13:50:27 INFO streaming.StreamJob:  map 56%  reduce 0%
15/01/15 13:50:28 INFO streaming.StreamJob:  map 57%  reduce 0%
15/01/15 13:50:29 INFO streaming.StreamJob:  map 59%  reduce 0%
15/01/15 13:50:30 INFO streaming.StreamJob:  map 60%  reduce 0%
15/01/15 13:50:31 INFO streaming.StreamJob:  map 61%  reduce 0%
15/01/15 13:50:32 INFO streaming.StreamJob:  map 63%  reduce 0%
15/01/15 13:50:33 INFO streaming.StreamJob:  map 64%  reduce 0%
15/01/15 13:50:34 INFO streaming.StreamJob:  map 66%  reduce 0%
15/01/15 13:50:35 INFO streaming.StreamJob:  map 67%  reduce 0%
15/01/15 13:50:36 INFO streaming.StreamJob:  map 69%  reduce 0%
15/01/15 13:50:37 INFO streaming.StreamJob:  map 70%  reduce 0%
15/01/15 13:50:38 INFO streaming.StreamJob:  map 71%  reduce 0%
15/01/15 13:50:39 INFO streaming.StreamJob:  map 72%  reduce 0%
15/01/15 13:50:40 INFO streaming.StreamJob:  map 74%  reduce 0%
15/01/15 13:50:41 INFO streaming.StreamJob:  map 75%  reduce 0%
15/01/15 13:50:43 INFO streaming.StreamJob:  map 76%  reduce 0%
15/01/15 13:50:44 INFO streaming.StreamJob:  map 77%  reduce 0%
15/01/15 13:50:45 INFO streaming.StreamJob:  map 78%  reduce 0%
15/01/15 13:50:46 INFO streaming.StreamJob:  map 79%  reduce 0%
15/01/15 13:50:48 INFO streaming.StreamJob:  map 80%  reduce 0%
15/01/15 13:50:49 INFO streaming.StreamJob:  map 81%  reduce 1%
15/01/15 13:50:51 INFO streaming.StreamJob:  map 82%  reduce 1%
15/01/15 13:50:53 INFO streaming.StreamJob:  map 83%  reduce 2%
15/01/15 13:50:54 INFO streaming.StreamJob:  map 83%  reduce 3%
15/01/15 13:50:55 INFO streaming.StreamJob:  map 84%  reduce 4%
15/01/15 13:50:56 INFO streaming.StreamJob:  map 85%  reduce 4%
15/01/15 13:50:58 INFO streaming.StreamJob:  map 86%  reduce 4%
15/01/15 13:50:59 INFO streaming.StreamJob:  map 86%  reduce 5%
15/01/15 13:51:00 INFO streaming.StreamJob:  map 87%  reduce 5%
15/01/15 13:51:02 INFO streaming.StreamJob:  map 88%  reduce 6%
15/01/15 13:51:03 INFO streaming.StreamJob:  map 89%  reduce 7%
15/01/15 13:51:05 INFO streaming.StreamJob:  map 90%  reduce 7%
15/01/15 13:51:06 INFO streaming.StreamJob:  map 90%  reduce 8%
15/01/15 13:51:08 INFO streaming.StreamJob:  map 91%  reduce 8%
15/01/15 13:51:09 INFO streaming.StreamJob:  map 91%  reduce 9%
15/01/15 13:51:11 INFO streaming.StreamJob:  map 92%  reduce 9%
15/01/15 13:51:12 INFO streaming.StreamJob:  map 92%  reduce 10%
15/01/15 13:51:14 INFO streaming.StreamJob:  map 93%  reduce 10%
15/01/15 13:51:15 INFO streaming.StreamJob:  map 93%  reduce 11%
15/01/15 13:51:18 INFO streaming.StreamJob:  map 94%  reduce 12%
15/01/15 13:51:20 INFO streaming.StreamJob:  map 94%  reduce 13%
15/01/15 13:51:22 INFO streaming.StreamJob:  map 94%  reduce 14%
15/01/15 13:51:23 INFO streaming.StreamJob:  map 95%  reduce 14%
15/01/15 13:51:29 INFO streaming.StreamJob:  map 95%  reduce 15%
15/01/15 13:51:30 INFO streaming.StreamJob:  map 96%  reduce 15%
15/01/15 13:51:35 INFO streaming.StreamJob:  map 96%  reduce 16%
15/01/15 13:51:39 INFO streaming.StreamJob:  map 97%  reduce 16%
15/01/15 13:51:44 INFO streaming.StreamJob:  map 97%  reduce 17%
15/01/15 13:51:48 INFO streaming.StreamJob:  map 97%  reduce 18%
15/01/15 13:51:51 INFO streaming.StreamJob:  map 98%  reduce 18%
15/01/15 13:51:54 INFO streaming.StreamJob:  map 98%  reduce 19%
15/01/15 13:51:59 INFO streaming.StreamJob:  map 98%  reduce 20%
15/01/15 13:52:07 INFO streaming.StreamJob:  map 99%  reduce 21%
15/01/15 13:52:12 INFO streaming.StreamJob:  map 99%  reduce 22%
15/01/15 13:52:21 INFO streaming.StreamJob:  map 99%  reduce 23%
15/01/15 13:52:34 INFO streaming.StreamJob:  map 99%  reduce 24%
15/01/15 13:52:46 INFO streaming.StreamJob:  map 99%  reduce 25%
15/01/15 13:53:04 INFO streaming.StreamJob:  map 99%  reduce 26%
15/01/15 13:53:06 INFO streaming.StreamJob:  map 100%  reduce 26%
15/01/15 13:53:17 INFO streaming.StreamJob:  map 100%  reduce 27%
15/01/15 13:53:39 INFO streaming.StreamJob:  map 100%  reduce 28%
15/01/15 13:53:56 INFO streaming.StreamJob:  map 100%  reduce 29%
15/01/15 13:54:31 INFO streaming.StreamJob:  map 100%  reduce 30%
15/01/15 13:54:54 INFO streaming.StreamJob:  map 100%  reduce 31%
15/01/15 13:55:35 INFO streaming.StreamJob:  map 100%  reduce 32%
15/01/15 13:56:48 INFO streaming.StreamJob:  map 100%  reduce 33%
15/01/15 13:58:02 INFO streaming.StreamJob:  map 100%  reduce 35%
15/01/15 13:58:03 INFO streaming.StreamJob:  map 100%  reduce 40%
15/01/15 13:58:04 INFO streaming.StreamJob:  map 100%  reduce 45%
15/01/15 13:58:05 INFO streaming.StreamJob:  map 100%  reduce 57%
15/01/15 13:58:06 INFO streaming.StreamJob:  map 100%  reduce 61%
15/01/15 13:58:08 INFO streaming.StreamJob:  map 100%  reduce 65%
15/01/15 13:58:11 INFO streaming.StreamJob:  map 100%  reduce 66%
15/01/15 13:58:14 INFO streaming.StreamJob:  map 100%  reduce 67%
15/01/15 13:58:17 INFO streaming.StreamJob:  map 100%  reduce 68%
15/01/15 13:58:19 INFO streaming.StreamJob:  map 100%  reduce 70%
15/01/15 13:58:22 INFO streaming.StreamJob:  map 100%  reduce 71%
15/01/15 13:58:26 INFO streaming.StreamJob:  map 100%  reduce 72%
15/01/15 13:58:28 INFO streaming.StreamJob:  map 100%  reduce 73%
15/01/15 13:58:32 INFO streaming.StreamJob:  map 100%  reduce 74%
15/01/15 13:58:35 INFO streaming.StreamJob:  map 100%  reduce 75%
15/01/15 13:58:39 INFO streaming.StreamJob:  map 100%  reduce 76%
15/01/15 13:58:42 INFO streaming.StreamJob:  map 100%  reduce 78%
15/01/15 13:58:45 INFO streaming.StreamJob:  map 100%  reduce 79%
15/01/15 13:58:47 INFO streaming.StreamJob:  map 100%  reduce 80%
15/01/15 13:58:51 INFO streaming.StreamJob:  map 100%  reduce 81%
15/01/15 13:58:56 INFO streaming.StreamJob:  map 100%  reduce 82%
15/01/15 13:59:00 INFO streaming.StreamJob:  map 100%  reduce 83%
15/01/15 13:59:04 INFO streaming.StreamJob:  map 100%  reduce 84%
15/01/15 13:59:07 INFO streaming.StreamJob:  map 100%  reduce 85%
15/01/15 13:59:12 INFO streaming.StreamJob:  map 100%  reduce 86%
15/01/15 13:59:17 INFO streaming.StreamJob:  map 100%  reduce 87%
15/01/15 13:59:23 INFO streaming.StreamJob:  map 100%  reduce 88%
15/01/15 13:59:27 INFO streaming.StreamJob:  map 100%  reduce 89%
15/01/15 13:59:34 INFO streaming.StreamJob:  map 100%  reduce 90%
15/01/15 13:59:41 INFO streaming.StreamJob:  map 100%  reduce 91%
15/01/15 13:59:45 INFO streaming.StreamJob:  map 100%  reduce 92%
15/01/15 13:59:52 INFO streaming.StreamJob:  map 100%  reduce 93%
15/01/15 14:00:02 INFO streaming.StreamJob:  map 100%  reduce 94%
15/01/15 14:00:11 INFO streaming.StreamJob:  map 100%  reduce 95%
15/01/15 14:00:22 INFO streaming.StreamJob:  map 100%  reduce 96%
15/01/15 14:00:32 INFO streaming.StreamJob:  map 100%  reduce 97%
15/01/15 14:00:41 INFO streaming.StreamJob:  map 100%  reduce 98%
15/01/15 14:01:00 INFO streaming.StreamJob:  map 100%  reduce 99%
15/01/15 14:01:14 INFO streaming.StreamJob:  map 100%  reduce 100%
15/01/15 14:01:40 INFO streaming.StreamJob: Job complete: job_201412171200_4970
15/01/15 14:01:40 INFO streaming.StreamJob: Output: /user/dm/zhu/newhost_stat/jilin_jilin
Found 22 items
-rw-r--r--   2 dm supergroup          0 2015-01-15 14:01 /user/dm/zhu/newhost_stat/jilin_jilin/_SUCCESS
drwxrwxrwx   - dm supergroup          0 2015-01-15 13:49 /user/dm/zhu/newhost_stat/jilin_jilin/_logs
-rw-r--r--   2 dm supergroup        189 2015-01-15 13:58 /user/dm/zhu/newhost_stat/jilin_jilin/part-00000
-rw-r--r--   2 dm supergroup        189 2015-01-15 13:58 /user/dm/zhu/newhost_stat/jilin_jilin/part-00001
-rw-r--r--   2 dm supergroup        189 2015-01-15 13:58 /user/dm/zhu/newhost_stat/jilin_jilin/part-00002
-rw-r--r--   2 dm supergroup        189 2015-01-15 13:58 /user/dm/zhu/newhost_stat/jilin_jilin/part-00003
-rw-r--r--   2 dm supergroup        189 2015-01-15 13:58 /user/dm/zhu/newhost_stat/jilin_jilin/part-00004
-rw-r--r--   2 dm supergroup        189 2015-01-15 13:58 /user/dm/zhu/newhost_stat/jilin_jilin/part-00005
-rw-r--r--   2 dm supergroup        189 2015-01-15 13:58 /user/dm/zhu/newhost_stat/jilin_jilin/part-00006
-rw-r--r--   2 dm supergroup        189 2015-01-15 13:58 /user/dm/zhu/newhost_stat/jilin_jilin/part-00007
-rw-r--r--   2 dm supergroup        189 2015-01-15 13:58 /user/dm/zhu/newhost_stat/jilin_jilin/part-00008
-rw-r--r--   2 dm supergroup        189 2015-01-15 13:58 /user/dm/zhu/newhost_stat/jilin_jilin/part-00009
-rw-r--r--   2 dm supergroup        189 2015-01-15 13:58 /user/dm/zhu/newhost_stat/jilin_jilin/part-00010
-rw-r--r--   2 dm supergroup        189 2015-01-15 13:58 /user/dm/zhu/newhost_stat/jilin_jilin/part-00011
-rw-r--r--   2 dm supergroup        189 2015-01-15 13:58 /user/dm/zhu/newhost_stat/jilin_jilin/part-00012
-rw-r--r--   2 dm supergroup        189 2015-01-15 13:58 /user/dm/zhu/newhost_stat/jilin_jilin/part-00013
-rw-r--r--   2 dm supergroup        189 2015-01-15 13:58 /user/dm/zhu/newhost_stat/jilin_jilin/part-00014
-rw-r--r--   2 dm supergroup        189 2015-01-15 13:58 /user/dm/zhu/newhost_stat/jilin_jilin/part-00015
-rw-r--r--   2 dm supergroup        189 2015-01-15 13:58 /user/dm/zhu/newhost_stat/jilin_jilin/part-00016
-rw-r--r--   2 dm supergroup        189 2015-01-15 13:58 /user/dm/zhu/newhost_stat/jilin_jilin/part-00017
-rw-r--r--   2 dm supergroup        189 2015-01-15 13:58 /user/dm/zhu/newhost_stat/jilin_jilin/part-00018
-rw-r--r--   2 dm supergroup        189 2015-01-15 13:58 /user/dm/zhu/newhost_stat/jilin_jilin/part-00019
